<?xml version="1.0" encoding="UTF-8"?>
<coverage generated="1739531741917" clover="3.2.0">
  <project timestamp="1739531741917" name="All files">
    <metrics statements="22" coveredstatements="21" conditionals="5" coveredconditionals="4" methods="3" coveredmethods="3" elements="30" coveredelements="28" complexity="0" loc="22" ncloc="22" packages="1" files="1" classes="1"/>
    <file name="index.ts" path="C:\Users\TUF\Documents\PPL BE\tespplbe\api\index.ts">
      <metrics statements="22" coveredstatements="21" conditionals="5" coveredconditionals="4" methods="3" coveredmethods="3"/>
      <line num="1" count="1" type="stmt"/>
      <line num="2" count="1" type="stmt"/>
      <line num="4" count="1" type="stmt"/>
      <line num="6" count="1" type="stmt"/>
      <line num="8" count="1" type="stmt"/>
      <line num="10" count="1" type="stmt"/>
      <line num="12" count="1" type="cond" truecount="0" falsecount="1"/>
      <line num="13" count="0" type="stmt"/>
      <line num="16" count="1" type="stmt"/>
      <line num="18" count="1" type="stmt"/>
      <line num="23" count="3" type="cond" truecount="4" falsecount="0"/>
      <line num="24" count="2" type="stmt"/>
      <line num="26" count="1" type="stmt"/>
      <line num="31" count="1" type="stmt"/>
      <line num="32" count="1" type="stmt"/>
      <line num="34" count="1" type="stmt"/>
      <line num="36" count="1" type="stmt"/>
      <line num="37" count="2" type="stmt"/>
      <line num="40" count="1" type="stmt"/>
      <line num="42" count="1" type="stmt"/>
      <line num="43" count="1" type="stmt"/>
      <line num="46" count="1" type="stmt"/>
    </file>
  </project>
</coverage>
