<?xml version="1.0" encoding="UTF-8"?>
<coverage generated="1747076599113" clover="3.2.0">
  <project timestamp="1747076599113" name="All files">
    <metrics statements="1409" coveredstatements="1409" conditionals="759" coveredconditionals="759" methods="309" coveredmethods="309" elements="2477" coveredelements="2477" complexity="0" loc="1409" ncloc="1409" packages="9" files="65" classes="65"/>
    <package name="configs">
      <metrics statements="6" coveredstatements="6" conditionals="1" coveredconditionals="1" methods="1" coveredmethods="1"/>
      <file name="db.config.ts" path="C:\School\6\PPL\Dev\INVENTUM-BE\src\configs\db.config.ts">
        <metrics statements="6" coveredstatements="6" conditionals="1" coveredconditionals="1" methods="1" coveredmethods="1"/>
        <line num="1" count="75" type="stmt"/>
        <line num="9" count="75" type="cond" truecount="1" falsecount="0"/>
        <line num="10" count="75" type="stmt"/>
        <line num="12" count="75" type="stmt"/>
        <line num="15" count="75" type="stmt"/>
        <line num="16" count="75" type="stmt"/>
      </file>
    </package>
    <package name="controllers">
      <metrics statements="435" coveredstatements="435" conditionals="116" coveredconditionals="116" methods="92" coveredmethods="92"/>
      <file name="auth.controller.ts" path="C:\School\6\PPL\Dev\INVENTUM-BE\src\controllers\auth.controller.ts">
        <metrics statements="16" coveredstatements="16" conditionals="3" coveredconditionals="3" methods="4" coveredmethods="4"/>
        <line num="2" count="2" type="stmt"/>
        <line num="8" count="8" type="stmt"/>
        <line num="11" count="8" type="stmt"/>
        <line num="15" count="5" type="stmt"/>
        <line num="16" count="5" type="stmt"/>
        <line num="17" count="5" type="stmt"/>
        <line num="19" count="5" type="cond" truecount="3" falsecount="0"/>
        <line num="20" count="3" type="stmt"/>
        <line num="26" count="5" type="stmt"/>
        <line num="28" count="4" type="stmt"/>
        <line num="33" count="1" type="stmt"/>
        <line num="37" count="8" type="stmt"/>
        <line num="42" count="2" type="stmt"/>
        <line num="43" count="2" type="stmt"/>
        <line num="48" count="1" type="stmt"/>
        <line num="53" count="2" type="stmt"/>
      </file>
      <file name="calibration-history.controller.ts" path="C:\School\6\PPL\Dev\INVENTUM-BE\src\controllers\calibration-history.controller.ts">
        <metrics statements="24" coveredstatements="24" conditionals="10" coveredconditionals="10" methods="5" coveredmethods="5"/>
        <line num="2" count="3" type="stmt"/>
        <line num="11" count="18" type="stmt"/>
        <line num="14" count="18" type="stmt"/>
        <line num="18" count="8" type="stmt"/>
        <line num="19" count="8" type="stmt"/>
        <line num="20" count="8" type="stmt"/>
        <line num="28" count="8" type="stmt"/>
        <line num="30" count="8" type="stmt"/>
        <line num="44" count="7" type="stmt"/>
        <line num="48" count="6" type="stmt"/>
        <line num="53" count="2" type="stmt"/>
        <line num="57" count="18" type="stmt"/>
        <line num="61" count="15" type="stmt"/>
        <line num="62" count="15" type="stmt"/>
        <line num="63" count="15" type="stmt"/>
        <line num="64" count="15" type="stmt"/>
        <line num="66" count="15" type="cond" truecount="2" falsecount="0"/>
        <line num="67" count="15" type="cond" truecount="2" falsecount="0"/>
        <line num="71" count="15" type="stmt"/>
        <line num="76" count="15" type="stmt"/>
        <line num="82" count="15" type="stmt"/>
        <line num="88" count="14" type="stmt"/>
        <line num="90" count="1" type="stmt"/>
        <line num="95" count="3" type="stmt"/>
      </file>
      <file name="comment.controller.ts" path="C:\School\6\PPL\Dev\INVENTUM-BE\src\controllers\comment.controller.ts">
        <metrics statements="30" coveredstatements="30" conditionals="2" coveredconditionals="2" methods="7" coveredmethods="7"/>
        <line num="2" count="2" type="stmt"/>
        <line num="9" count="10" type="stmt"/>
        <line num="12" count="10" type="stmt"/>
        <line num="16" count="3" type="stmt"/>
        <line num="17" count="3" type="stmt"/>
        <line num="18" count="3" type="stmt"/>
        <line num="20" count="3" type="cond" truecount="1" falsecount="0"/>
        <line num="21" count="1" type="stmt"/>
        <line num="25" count="1" type="stmt"/>
        <line num="28" count="2" type="stmt"/>
        <line num="34" count="2" type="stmt"/>
        <line num="36" count="1" type="stmt"/>
        <line num="42" count="1" type="stmt"/>
        <line num="46" count="10" type="stmt"/>
        <line num="50" count="4" type="stmt"/>
        <line num="51" count="4" type="stmt"/>
        <line num="52" count="4" type="stmt"/>
        <line num="54" count="4" type="cond" truecount="1" falsecount="0"/>
        <line num="55" count="2" type="stmt"/>
        <line num="59" count="2" type="stmt"/>
        <line num="63" count="2" type="stmt"/>
        <line num="65" count="1" type="stmt"/>
        <line num="71" count="1" type="stmt"/>
        <line num="75" count="10" type="stmt"/>
        <line num="79" count="2" type="stmt"/>
        <line num="80" count="2" type="stmt"/>
        <line num="81" count="2" type="stmt"/>
        <line num="83" count="1" type="stmt"/>
        <line num="89" count="1" type="stmt"/>
        <line num="94" count="2" type="stmt"/>
      </file>
      <file name="division.controller.ts" path="C:\School\6\PPL\Dev\INVENTUM-BE\src\controllers\division.controller.ts">
        <metrics statements="78" coveredstatements="78" conditionals="24" coveredconditionals="24" methods="15" coveredmethods="15"/>
        <line num="3" count="5" type="stmt"/>
        <line num="9" count="25" type="stmt"/>
        <line num="12" count="25" type="stmt"/>
        <line num="16" count="5" type="stmt"/>
        <line num="17" count="5" type="stmt"/>
        <line num="18" count="5" type="stmt"/>
        <line num="20" count="5" type="cond" truecount="1" falsecount="0"/>
        <line num="25" count="1" type="stmt"/>
        <line num="29" count="1" type="stmt"/>
        <line num="32" count="4" type="stmt"/>
        <line num="37" count="4" type="stmt"/>
        <line num="38" count="3" type="stmt"/>
        <line num="40" count="1" type="stmt"/>
        <line num="44" count="25" type="stmt"/>
        <line num="48" count="2" type="stmt"/>
        <line num="49" count="2" type="stmt"/>
        <line num="50" count="2" type="stmt"/>
        <line num="51" count="1" type="stmt"/>
        <line num="53" count="1" type="stmt"/>
        <line num="57" count="25" type="stmt"/>
        <line num="61" count="2" type="stmt"/>
        <line num="62" count="2" type="stmt"/>
        <line num="63" count="2" type="stmt"/>
        <line num="64" count="1" type="stmt"/>
        <line num="66" count="1" type="stmt"/>
        <line num="70" count="25" type="stmt"/>
        <line num="74" count="2" type="stmt"/>
        <line num="75" count="2" type="stmt"/>
        <line num="76" count="2" type="stmt"/>
        <line num="77" count="1" type="stmt"/>
        <line num="79" count="1" type="stmt"/>
        <line num="83" count="25" type="stmt"/>
        <line num="87" count="4" type="stmt"/>
        <line num="88" count="4" type="stmt"/>
        <line num="89" count="4" type="stmt"/>
        <line num="91" count="4" type="cond" truecount="1" falsecount="0"/>
        <line num="92" count="1" type="stmt"/>
        <line num="96" count="1" type="stmt"/>
        <line num="99" count="3" type="stmt"/>
        <line num="101" count="2" type="cond" truecount="1" falsecount="0"/>
        <line num="102" count="1" type="stmt"/>
        <line num="106" count="1" type="stmt"/>
        <line num="109" count="1" type="stmt"/>
        <line num="111" count="1" type="stmt"/>
        <line num="115" count="25" type="stmt"/>
        <line num="119" count="5" type="stmt"/>
        <line num="120" count="5" type="stmt"/>
        <line num="121" count="5" type="stmt"/>
        <line num="123" count="5" type="cond" truecount="1" falsecount="0"/>
        <line num="124" count="1" type="stmt"/>
        <line num="128" count="1" type="stmt"/>
        <line num="131" count="4" type="stmt"/>
        <line num="134" count="4" type="cond" truecount="3" falsecount="0"/>
        <line num="135" count="1" type="stmt"/>
        <line num="139" count="1" type="stmt"/>
        <line num="143" count="3" type="stmt"/>
        <line num="144" count="3" type="cond" truecount="1" falsecount="0"/>
        <line num="145" count="2" type="cond" truecount="2" falsecount="0"/>
        <line num="148" count="2" type="cond" truecount="1" falsecount="0"/>
        <line num="153" count="1" type="stmt"/>
        <line num="157" count="1" type="stmt"/>
        <line num="161" count="2" type="stmt"/>
        <line num="165" count="2" type="stmt"/>
        <line num="170" count="1" type="stmt"/>
        <line num="176" count="1" type="stmt"/>
        <line num="180" count="25" type="stmt"/>
        <line num="184" count="4" type="stmt"/>
        <line num="185" count="4" type="stmt"/>
        <line num="186" count="4" type="stmt"/>
        <line num="188" count="4" type="cond" truecount="1" falsecount="0"/>
        <line num="189" count="1" type="stmt"/>
        <line num="193" count="1" type="stmt"/>
        <line num="196" count="3" type="stmt"/>
        <line num="198" count="2" type="cond" truecount="2" falsecount="0"/>
        <line num="199" count="1" type="stmt"/>
        <line num="204" count="1" type="stmt"/>
        <line num="210" count="1" type="stmt"/>
        <line num="215" count="5" type="stmt"/>
      </file>
      <file name="maintenance-history.controller.ts" path="C:\School\6\PPL\Dev\INVENTUM-BE\src\controllers\maintenance-history.controller.ts">
        <metrics statements="23" coveredstatements="23" conditionals="8" coveredconditionals="8" methods="5" coveredmethods="5"/>
        <line num="2" count="3" type="stmt"/>
        <line num="11" count="15" type="stmt"/>
        <line num="14" count="15" type="stmt"/>
        <line num="18" count="4" type="stmt"/>
        <line num="19" count="4" type="stmt"/>
        <line num="20" count="4" type="stmt"/>
        <line num="22" count="4" type="stmt"/>
        <line num="29" count="3" type="stmt"/>
        <line num="33" count="2" type="stmt"/>
        <line num="38" count="2" type="stmt"/>
        <line num="42" count="15" type="stmt"/>
        <line num="46" count="10" type="stmt"/>
        <line num="47" count="10" type="stmt"/>
        <line num="48" count="10" type="stmt"/>
        <line num="49" count="10" type="stmt"/>
        <line num="50" count="10" type="cond" truecount="2" falsecount="0"/>
        <line num="51" count="10" type="cond" truecount="2" falsecount="0"/>
        <line num="55" count="10" type="stmt"/>
        <line num="60" count="10" type="stmt"/>
        <line num="66" count="10" type="stmt"/>
        <line num="72" count="9" type="stmt"/>
        <line num="74" count="1" type="stmt"/>
        <line num="79" count="3" type="stmt"/>
      </file>
      <file name="medical-equipment.controller.ts" path="C:\School\6\PPL\Dev\INVENTUM-BE\src\controllers\medical-equipment.controller.ts">
        <metrics statements="51" coveredstatements="51" conditionals="11" coveredconditionals="11" methods="11" coveredmethods="11"/>
        <line num="2" count="5" type="stmt"/>
        <line num="14" count="20" type="stmt"/>
        <line num="17" count="20" type="stmt"/>
        <line num="21" count="2" type="stmt"/>
        <line num="22" count="2" type="stmt"/>
        <line num="23" count="2" type="stmt"/>
        <line num="29" count="2" type="stmt"/>
        <line num="30" count="1" type="stmt"/>
        <line num="35" count="1" type="stmt"/>
        <line num="39" count="20" type="stmt"/>
        <line num="43" count="3" type="stmt"/>
        <line num="44" count="3" type="stmt"/>
        <line num="45" count="3" type="stmt"/>
        <line num="46" count="3" type="stmt"/>
        <line num="52" count="3" type="stmt"/>
        <line num="57" count="2" type="cond" truecount="1" falsecount="0"/>
        <line num="58" count="1" type="stmt"/>
        <line num="62" count="1" type="stmt"/>
        <line num="65" count="1" type="stmt"/>
        <line num="70" count="1" type="stmt"/>
        <line num="74" count="20" type="stmt"/>
        <line num="78" count="8" type="stmt"/>
        <line num="79" count="8" type="stmt"/>
        <line num="80" count="8" type="cond" truecount="2" falsecount="0"/>
        <line num="81" count="8" type="cond" truecount="2" falsecount="0"/>
        <line num="85" count="8" type="stmt"/>
        <line num="90" count="8" type="stmt"/>
        <line num="91" count="8" type="stmt"/>
        <line num="93" count="8" type="stmt"/>
        <line num="99" count="7" type="stmt"/>
        <line num="101" count="1" type="stmt"/>
        <line num="105" count="20" type="stmt"/>
        <line num="109" count="3" type="stmt"/>
        <line num="110" count="3" type="stmt"/>
        <line num="112" count="3" type="stmt"/>
        <line num="116" count="2" type="cond" truecount="1" falsecount="0"/>
        <line num="117" count="1" type="stmt"/>
        <line num="121" count="1" type="stmt"/>
        <line num="124" count="1" type="stmt"/>
        <line num="129" count="1" type="stmt"/>
        <line num="133" count="20" type="stmt"/>
        <line num="137" count="3" type="stmt"/>
        <line num="138" count="3" type="stmt"/>
        <line num="139" count="3" type="stmt"/>
        <line num="141" count="3" type="stmt"/>
        <line num="146" count="2" type="cond" truecount="1" falsecount="0"/>
        <line num="147" count="1" type="stmt"/>
        <line num="151" count="1" type="stmt"/>
        <line num="154" count="1" type="stmt"/>
        <line num="159" count="1" type="stmt"/>
        <line num="164" count="5" type="stmt"/>
      </file>
      <file name="parts-history.controller.ts" path="C:\School\6\PPL\Dev\INVENTUM-BE\src\controllers\parts-history.controller.ts">
        <metrics statements="23" coveredstatements="23" conditionals="8" coveredconditionals="8" methods="5" coveredmethods="5"/>
        <line num="2" count="3" type="stmt"/>
        <line num="11" count="10" type="stmt"/>
        <line num="14" count="10" type="stmt"/>
        <line num="18" count="3" type="stmt"/>
        <line num="19" count="3" type="stmt"/>
        <line num="20" count="3" type="stmt"/>
        <line num="22" count="3" type="stmt"/>
        <line num="29" count="2" type="stmt"/>
        <line num="31" count="1" type="stmt"/>
        <line num="36" count="2" type="stmt"/>
        <line num="40" count="10" type="stmt"/>
        <line num="44" count="6" type="stmt"/>
        <line num="45" count="6" type="stmt"/>
        <line num="46" count="6" type="stmt"/>
        <line num="47" count="6" type="stmt"/>
        <line num="48" count="6" type="cond" truecount="2" falsecount="0"/>
        <line num="49" count="6" type="cond" truecount="2" falsecount="0"/>
        <line num="53" count="6" type="stmt"/>
        <line num="58" count="6" type="stmt"/>
        <line num="63" count="6" type="stmt"/>
        <line num="69" count="5" type="stmt"/>
        <line num="71" count="1" type="stmt"/>
        <line num="76" count="3" type="stmt"/>
      </file>
      <file name="report.controller.ts" path="C:\School\6\PPL\Dev\INVENTUM-BE\src\controllers\report.controller.ts">
        <metrics statements="10" coveredstatements="10" conditionals="0" coveredconditionals="0" methods="3" coveredmethods="3"/>
        <line num="2" count="2" type="stmt"/>
        <line num="4" count="2" type="stmt"/>
        <line num="8" count="7" type="stmt"/>
        <line num="11" count="7" type="stmt"/>
        <line num="15" count="6" type="stmt"/>
        <line num="16" count="6" type="stmt"/>
        <line num="17" count="6" type="stmt"/>
        <line num="19" count="4" type="stmt"/>
        <line num="25" count="2" type="stmt"/>
        <line num="30" count="2" type="stmt"/>
      </file>
      <file name="request.controller.ts" path="C:\School\6\PPL\Dev\INVENTUM-BE\src\controllers\request.controller.ts">
        <metrics statements="74" coveredstatements="74" conditionals="26" coveredconditionals="26" methods="15" coveredmethods="15"/>
        <line num="2" count="4" type="stmt"/>
        <line num="7" count="4" type="stmt"/>
        <line num="11" count="33" type="stmt"/>
        <line num="14" count="33" type="stmt"/>
        <line num="18" count="4" type="stmt"/>
        <line num="19" count="4" type="stmt"/>
        <line num="20" count="4" type="stmt"/>
        <line num="22" count="4" type="cond" truecount="1" falsecount="0"/>
        <line num="23" count="2" type="stmt"/>
        <line num="27" count="2" type="stmt"/>
        <line num="30" count="2" type="stmt"/>
        <line num="32" count="1" type="stmt"/>
        <line num="38" count="1" type="stmt"/>
        <line num="42" count="33" type="stmt"/>
        <line num="46" count="5" type="stmt"/>
        <line num="47" count="5" type="stmt"/>
        <line num="48" count="5" type="cond" truecount="2" falsecount="0"/>
        <line num="49" count="5" type="cond" truecount="2" falsecount="0"/>
        <line num="53" count="5" type="stmt"/>
        <line num="58" count="5" type="stmt"/>
        <line num="59" count="5" type="stmt"/>
        <line num="61" count="5" type="stmt"/>
        <line num="67" count="4" type="stmt"/>
        <line num="69" count="1" type="stmt"/>
        <line num="73" count="33" type="stmt"/>
        <line num="77" count="5" type="stmt"/>
        <line num="78" count="5" type="stmt"/>
        <line num="79" count="5" type="cond" truecount="2" falsecount="0"/>
        <line num="80" count="5" type="cond" truecount="2" falsecount="0"/>
        <line num="84" count="5" type="stmt"/>
        <line num="89" count="5" type="stmt"/>
        <line num="90" count="5" type="stmt"/>
        <line num="92" count="5" type="stmt"/>
        <line num="98" count="4" type="stmt"/>
        <line num="100" count="1" type="stmt"/>
        <line num="104" count="33" type="stmt"/>
        <line num="108" count="6" type="stmt"/>
        <line num="109" count="6" type="stmt"/>
        <line num="110" count="6" type="cond" truecount="2" falsecount="0"/>
        <line num="111" count="6" type="cond" truecount="2" falsecount="0"/>
        <line num="115" count="6" type="stmt"/>
        <line num="120" count="6" type="stmt"/>
        <line num="121" count="6" type="stmt"/>
        <line num="123" count="6" type="stmt"/>
        <line num="129" count="5" type="stmt"/>
        <line num="131" count="1" type="stmt"/>
        <line num="135" count="33" type="stmt"/>
        <line num="139" count="2" type="stmt"/>
        <line num="140" count="2" type="stmt"/>
        <line num="141" count="2" type="stmt"/>
        <line num="143" count="2" type="stmt"/>
        <line num="150" count="2" type="stmt"/>
        <line num="152" count="1" type="stmt"/>
        <line num="157" count="1" type="stmt"/>
        <line num="161" count="33" type="stmt"/>
        <line num="165" count="2" type="stmt"/>
        <line num="166" count="2" type="stmt"/>
        <line num="167" count="2" type="stmt"/>
        <line num="169" count="2" type="stmt"/>
        <line num="176" count="2" type="stmt"/>
        <line num="178" count="1" type="stmt"/>
        <line num="183" count="1" type="stmt"/>
        <line num="187" count="33" type="stmt"/>
        <line num="191" count="8" type="stmt"/>
        <line num="192" count="8" type="stmt"/>
        <line num="193" count="8" type="stmt"/>
        <line num="194" count="8" type="stmt"/>
        <line num="196" count="8" type="cond" truecount="1" falsecount="0"/>
        <line num="197" count="3" type="stmt"/>
        <line num="201" count="3" type="stmt"/>
        <line num="204" count="5" type="stmt"/>
        <line num="206" count="1" type="stmt"/>
        <line num="212" count="4" type="stmt"/>
        <line num="217" count="4" type="stmt"/>
      </file>
      <file name="sparepart.controller.ts" path="C:\School\6\PPL\Dev\INVENTUM-BE\src\controllers\sparepart.controller.ts">
        <metrics statements="55" coveredstatements="55" conditionals="13" coveredconditionals="13" methods="11" coveredmethods="11"/>
        <line num="2" count="5" type="stmt"/>
        <line num="11" count="22" type="stmt"/>
        <line num="14" count="22" type="stmt"/>
        <line num="18" count="3" type="stmt"/>
        <line num="19" count="3" type="stmt"/>
        <line num="20" count="3" type="stmt"/>
        <line num="24" count="3" type="cond" truecount="1" falsecount="0"/>
        <line num="25" count="1" type="stmt"/>
        <line num="28" count="3" type="stmt"/>
        <line num="29" count="2" type="stmt"/>
        <line num="34" count="1" type="stmt"/>
        <line num="38" count="22" type="stmt"/>
        <line num="42" count="8" type="stmt"/>
        <line num="43" count="8" type="stmt"/>
        <line num="44" count="8" type="cond" truecount="2" falsecount="0"/>
        <line num="45" count="8" type="cond" truecount="2" falsecount="0"/>
        <line num="49" count="8" type="stmt"/>
        <line num="54" count="8" type="stmt"/>
        <line num="55" count="8" type="stmt"/>
        <line num="57" count="8" type="stmt"/>
        <line num="63" count="7" type="stmt"/>
        <line num="65" count="1" type="stmt"/>
        <line num="69" count="22" type="stmt"/>
        <line num="73" count="3" type="stmt"/>
        <line num="74" count="3" type="stmt"/>
        <line num="75" count="3" type="stmt"/>
        <line num="79" count="2" type="cond" truecount="1" falsecount="0"/>
        <line num="80" count="1" type="stmt"/>
        <line num="84" count="1" type="stmt"/>
        <line num="87" count="1" type="stmt"/>
        <line num="92" count="1" type="stmt"/>
        <line num="96" count="22" type="stmt"/>
        <line num="100" count="4" type="stmt"/>
        <line num="101" count="4" type="stmt"/>
        <line num="102" count="4" type="stmt"/>
        <line num="103" count="4" type="stmt"/>
        <line num="107" count="4" type="cond" truecount="1" falsecount="0"/>
        <line num="108" count="1" type="stmt"/>
        <line num="110" count="4" type="stmt"/>
        <line num="114" count="3" type="cond" truecount="1" falsecount="0"/>
        <line num="115" count="1" type="stmt"/>
        <line num="119" count="1" type="stmt"/>
        <line num="121" count="2" type="stmt"/>
        <line num="126" count="1" type="stmt"/>
        <line num="130" count="22" type="stmt"/>
        <line num="134" count="3" type="stmt"/>
        <line num="135" count="3" type="stmt"/>
        <line num="136" count="3" type="stmt"/>
        <line num="138" count="3" type="stmt"/>
        <line num="143" count="2" type="cond" truecount="1" falsecount="0"/>
        <line num="144" count="1" type="stmt"/>
        <line num="148" count="1" type="stmt"/>
        <line num="151" count="1" type="stmt"/>
        <line num="156" count="1" type="stmt"/>
        <line num="161" count="5" type="stmt"/>
      </file>
      <file name="user.controller.ts" path="C:\School\6\PPL\Dev\INVENTUM-BE\src\controllers\user.controller.ts">
        <metrics statements="51" coveredstatements="51" conditionals="11" coveredconditionals="11" methods="11" coveredmethods="11"/>
        <line num="2" count="6" type="stmt"/>
        <line num="11" count="21" type="stmt"/>
        <line num="14" count="21" type="stmt"/>
        <line num="18" count="2" type="stmt"/>
        <line num="19" count="2" type="stmt"/>
        <line num="20" count="2" type="stmt"/>
        <line num="25" count="2" type="stmt"/>
        <line num="27" count="1" type="stmt"/>
        <line num="32" count="1" type="stmt"/>
        <line num="36" count="21" type="stmt"/>
        <line num="40" count="8" type="stmt"/>
        <line num="41" count="8" type="stmt"/>
        <line num="42" count="8" type="cond" truecount="2" falsecount="0"/>
        <line num="43" count="8" type="cond" truecount="2" falsecount="0"/>
        <line num="47" count="8" type="stmt"/>
        <line num="52" count="8" type="stmt"/>
        <line num="53" count="8" type="stmt"/>
        <line num="55" count="8" type="stmt"/>
        <line num="61" count="7" type="stmt"/>
        <line num="63" count="1" type="stmt"/>
        <line num="67" count="21" type="stmt"/>
        <line num="71" count="3" type="stmt"/>
        <line num="72" count="3" type="stmt"/>
        <line num="73" count="3" type="stmt"/>
        <line num="75" count="2" type="cond" truecount="1" falsecount="0"/>
        <line num="76" count="1" type="stmt"/>
        <line num="77" count="1" type="stmt"/>
        <line num="80" count="1" type="stmt"/>
        <line num="82" count="1" type="stmt"/>
        <line num="86" count="21" type="stmt"/>
        <line num="90" count="3" type="stmt"/>
        <line num="91" count="3" type="stmt"/>
        <line num="92" count="3" type="stmt"/>
        <line num="94" count="3" type="stmt"/>
        <line num="100" count="2" type="cond" truecount="1" falsecount="0"/>
        <line num="101" count="1" type="stmt"/>
        <line num="104" count="1" type="stmt"/>
        <line num="107" count="1" type="stmt"/>
        <line num="112" count="1" type="stmt"/>
        <line num="116" count="21" type="stmt"/>
        <line num="120" count="3" type="stmt"/>
        <line num="121" count="3" type="stmt"/>
        <line num="122" count="3" type="stmt"/>
        <line num="123" count="3" type="stmt"/>
        <line num="125" count="3" type="stmt"/>
        <line num="126" count="2" type="cond" truecount="1" falsecount="0"/>
        <line num="127" count="1" type="stmt"/>
        <line num="128" count="1" type="stmt"/>
        <line num="130" count="1" type="stmt"/>
        <line num="132" count="1" type="stmt"/>
        <line num="137" count="6" type="stmt"/>
      </file>
    </package>
    <package name="middleware">
      <metrics statements="37" coveredstatements="37" conditionals="14" coveredconditionals="14" methods="5" coveredmethods="5"/>
      <file name="authorizeRole.ts" path="C:\School\6\PPL\Dev\INVENTUM-BE\src\middleware\authorizeRole.ts">
        <metrics statements="8" coveredstatements="8" conditionals="3" coveredconditionals="3" methods="2" coveredmethods="2"/>
        <line num="3" count="3" type="stmt"/>
        <line num="4" count="16" type="stmt"/>
        <line num="5" count="5" type="stmt"/>
        <line num="7" count="5" type="cond" truecount="3" falsecount="0"/>
        <line num="8" count="2" type="stmt"/>
        <line num="11" count="2" type="stmt"/>
        <line num="14" count="3" type="stmt"/>
        <line num="18" count="3" type="stmt"/>
      </file>
      <file name="rateLimiter.ts" path="C:\School\6\PPL\Dev\INVENTUM-BE\src\middleware\rateLimiter.ts">
        <metrics statements="4" coveredstatements="4" conditionals="4" coveredconditionals="4" methods="1" coveredmethods="1"/>
        <line num="1" count="2" type="stmt"/>
        <line num="4" count="2" type="stmt"/>
        <line num="8" count="2" type="cond" truecount="4" falsecount="0"/>
        <line num="20" count="2" type="stmt"/>
      </file>
      <file name="validateRequest.ts" path="C:\School\6\PPL\Dev\INVENTUM-BE\src\middleware\validateRequest.ts">
        <metrics statements="8" coveredstatements="8" conditionals="1" coveredconditionals="1" methods="1" coveredmethods="1"/>
        <line num="2" count="3" type="stmt"/>
        <line num="4" count="3" type="stmt"/>
        <line num="9" count="2" type="stmt"/>
        <line num="11" count="2" type="cond" truecount="1" falsecount="0"/>
        <line num="12" count="1" type="stmt"/>
        <line num="13" count="1" type="stmt"/>
        <line num="18" count="1" type="stmt"/>
        <line num="21" count="1" type="stmt"/>
      </file>
      <file name="verifyToken.ts" path="C:\School\6\PPL\Dev\INVENTUM-BE\src\middleware\verifyToken.ts">
        <metrics statements="17" coveredstatements="17" conditionals="6" coveredconditionals="6" methods="1" coveredmethods="1"/>
        <line num="2" count="3" type="stmt"/>
        <line num="10" count="3" type="stmt"/>
        <line num="11" count="4" type="stmt"/>
        <line num="12" count="4" type="cond" truecount="4" falsecount="0"/>
        <line num="14" count="4" type="cond" truecount="1" falsecount="0"/>
        <line num="15" count="1" type="stmt"/>
        <line num="16" count="1" type="stmt"/>
        <line num="19" count="3" type="stmt"/>
        <line num="21" count="3" type="cond" truecount="1" falsecount="0"/>
        <line num="22" count="1" type="stmt"/>
        <line num="23" count="1" type="stmt"/>
        <line num="26" count="2" type="stmt"/>
        <line num="27" count="1" type="stmt"/>
        <line num="28" count="1" type="stmt"/>
        <line num="30" count="1" type="stmt"/>
        <line num="31" count="1" type="stmt"/>
        <line num="35" count="3" type="stmt"/>
      </file>
    </package>
    <package name="repository">
      <metrics statements="222" coveredstatements="222" conditionals="114" coveredconditionals="114" methods="65" coveredmethods="65"/>
      <file name="calibration-history.repository.ts" path="C:\School\6\PPL\Dev\INVENTUM-BE\src\repository\calibration-history.repository.ts">
        <metrics statements="14" coveredstatements="14" conditionals="8" coveredconditionals="8" methods="3" coveredmethods="3"/>
        <line num="5" count="7" type="stmt"/>
        <line num="6" count="7" type="stmt"/>
        <line num="7" count="7" type="stmt"/>
        <line num="14" count="20" type="stmt"/>
        <line num="15" count="20" type="stmt"/>
        <line num="21" count="5" type="stmt"/>
        <line num="23" count="5" type="stmt"/>
        <line num="43" count="4" type="stmt"/>
        <line num="51" count="14" type="stmt"/>
        <line num="53" count="14" type="cond" truecount="2" falsecount="0"/>
        <line num="56" count="14" type="cond" truecount="2" falsecount="0"/>
        <line num="58" count="14" type="stmt"/>
        <line num="70" count="13" type="stmt"/>
        <line num="74" count="7" type="stmt"/>
      </file>
      <file name="comment.repository.ts" path="C:\School\6\PPL\Dev\INVENTUM-BE\src\repository\comment.repository.ts">
        <metrics statements="6" coveredstatements="6" conditionals="2" coveredconditionals="2" methods="4" coveredmethods="4"/>
        <line num="3" count="4" type="stmt"/>
        <line num="9" count="5" type="stmt"/>
        <line num="13" count="2" type="stmt"/>
        <line num="41" count="1" type="stmt"/>
        <line num="61" count="1" type="stmt"/>
        <line num="79" count="4" type="stmt"/>
      </file>
      <file name="division.repository.ts" path="C:\School\6\PPL\Dev\INVENTUM-BE\src\repository\division.repository.ts">
        <metrics statements="57" coveredstatements="57" conditionals="17" coveredconditionals="17" methods="15" coveredmethods="15"/>
        <line num="1" count="13" type="stmt"/>
        <line num="3" count="13" type="stmt"/>
        <line num="9" count="41" type="stmt"/>
        <line num="13" count="2" type="stmt"/>
        <line num="17" count="7" type="stmt"/>
        <line num="24" count="1" type="stmt"/>
        <line num="34" count="6" type="stmt"/>
        <line num="42" count="6" type="stmt"/>
        <line num="43" count="6" type="stmt"/>
        <line num="46" count="6" type="stmt"/>
        <line num="47" count="12" type="stmt"/>
        <line num="51" count="6" type="stmt"/>
        <line num="52" count="12" type="stmt"/>
        <line num="53" count="12" type="cond" truecount="2" falsecount="0"/>
        <line num="55" count="5" type="stmt"/>
        <line num="56" count="7" type="cond" truecount="1" falsecount="0"/>
        <line num="58" count="6" type="stmt"/>
        <line num="59" count="6" type="stmt"/>
        <line num="65" count="6" type="stmt"/>
        <line num="74" count="1" type="stmt"/>
        <line num="88" count="1" type="stmt"/>
        <line num="97" count="1" type="stmt"/>
        <line num="105" count="2" type="stmt"/>
        <line num="115" count="5" type="stmt"/>
        <line num="116" count="5" type="stmt"/>
        <line num="122" count="4" type="cond" truecount="2" falsecount="0"/>
        <line num="125" count="4" type="cond" truecount="1" falsecount="0"/>
        <line num="127" count="3" type="cond" truecount="1" falsecount="0"/>
        <line num="128" count="1" type="stmt"/>
        <line num="131" count="2" type="cond" truecount="1" falsecount="0"/>
        <line num="132" count="1" type="stmt"/>
        <line num="135" count="1" type="cond" truecount="1" falsecount="0"/>
        <line num="136" count="1" type="stmt"/>
        <line num="140" count="1" type="stmt"/>
        <line num="151" count="9" type="cond" truecount="1" falsecount="0"/>
        <line num="152" count="1" type="stmt"/>
        <line num="155" count="8" type="stmt"/>
        <line num="161" count="8" type="cond" truecount="1" falsecount="0"/>
        <line num="162" count="1" type="stmt"/>
        <line num="165" count="7" type="cond" truecount="1" falsecount="0"/>
        <line num="166" count="2" type="stmt"/>
        <line num="170" count="5" type="cond" truecount="1" falsecount="0"/>
        <line num="171" count="2" type="stmt"/>
        <line num="175" count="3" type="stmt"/>
        <line num="182" count="20" type="cond" truecount="2" falsecount="0"/>
        <line num="187" count="19" type="stmt"/>
        <line num="189" count="19" type="stmt"/>
        <line num="190" count="10" type="stmt"/>
        <line num="193" count="19" type="stmt"/>
        <line num="197" count="4" type="stmt"/>
        <line num="198" count="4" type="stmt"/>
        <line num="200" count="4" type="stmt"/>
        <line num="209" count="2" type="stmt"/>
        <line num="215" count="1" type="stmt"/>
        <line num="218" count="3" type="cond" truecount="2" falsecount="0"/>
        <line num="219" count="3" type="stmt"/>
        <line num="226" count="13" type="stmt"/>
      </file>
      <file name="maintenance-history.repository.ts" path="C:\School\6\PPL\Dev\INVENTUM-BE\src\repository\maintenance-history.repository.ts">
        <metrics statements="14" coveredstatements="14" conditionals="4" coveredconditionals="4" methods="3" coveredmethods="3"/>
        <line num="5" count="7" type="stmt"/>
        <line num="6" count="7" type="stmt"/>
        <line num="7" count="7" type="stmt"/>
        <line num="14" count="21" type="stmt"/>
        <line num="15" count="21" type="stmt"/>
        <line num="21" count="4" type="stmt"/>
        <line num="23" count="4" type="stmt"/>
        <line num="41" count="3" type="stmt"/>
        <line num="49" count="16" type="stmt"/>
        <line num="51" count="16" type="cond" truecount="2" falsecount="0"/>
        <line num="54" count="16" type="cond" truecount="2" falsecount="0"/>
        <line num="56" count="16" type="stmt"/>
        <line num="68" count="15" type="stmt"/>
        <line num="72" count="7" type="stmt"/>
      </file>
      <file name="medical-equipment.repository.ts" path="C:\School\6\PPL\Dev\INVENTUM-BE\src\repository\medical-equipment.repository.ts">
        <metrics statements="29" coveredstatements="29" conditionals="40" coveredconditionals="40" methods="9" coveredmethods="9"/>
        <line num="6" count="25" type="stmt"/>
        <line num="7" count="25" type="stmt"/>
        <line num="10" count="25" type="stmt"/>
        <line num="17" count="59" type="stmt"/>
        <line num="18" count="59" type="stmt"/>
        <line num="24" count="3" type="stmt"/>
        <line num="25" count="3" type="stmt"/>
        <line num="42" count="2" type="stmt"/>
        <line num="54" count="8" type="stmt"/>
        <line num="56" count="8" type="cond" truecount="2" falsecount="0"/>
        <line num="59" count="8" type="cond" truecount="2" falsecount="0"/>
        <line num="61" count="8" type="stmt"/>
        <line num="73" count="8" type="stmt"/>
        <line num="79" count="3" type="stmt"/>
        <line num="93" count="3" type="cond" truecount="1" falsecount="0"/>
        <line num="95" count="2" type="stmt"/>
        <line num="105" count="3" type="stmt"/>
        <line num="119" count="3" type="cond" truecount="1" falsecount="0"/>
        <line num="121" count="2" type="stmt"/>
        <line num="131" count="2" type="stmt"/>
        <line num="142" count="2" type="stmt"/>
        <line num="156" count="3" type="stmt"/>
        <line num="163" count="3" type="cond" truecount="1" falsecount="0"/>
        <line num="165" count="2" type="stmt"/>
        <line num="182" count="2" type="stmt"/>
        <line num="193" count="3" type="stmt"/>
        <line num="200" count="3" type="cond" truecount="1" falsecount="0"/>
        <line num="202" count="2" type="stmt"/>
        <line num="212" count="25" type="stmt"/>
      </file>
      <file name="parts-history.repository.ts" path="C:\School\6\PPL\Dev\INVENTUM-BE\src\repository\parts-history.repository.ts">
        <metrics statements="17" coveredstatements="17" conditionals="4" coveredconditionals="4" methods="4" coveredmethods="4"/>
        <line num="5" count="7" type="stmt"/>
        <line num="6" count="7" type="stmt"/>
        <line num="7" count="7" type="stmt"/>
        <line num="14" count="12" type="stmt"/>
        <line num="15" count="12" type="stmt"/>
        <line num="19" count="3" type="stmt"/>
        <line num="21" count="3" type="stmt"/>
        <line num="43" count="2" type="stmt"/>
        <line num="51" count="8" type="stmt"/>
        <line num="53" count="8" type="cond" truecount="2" falsecount="0"/>
        <line num="56" count="8" type="cond" truecount="2" falsecount="0"/>
        <line num="58" count="8" type="stmt"/>
        <line num="77" count="7" type="stmt"/>
        <line num="78" count="1" type="stmt"/>
        <line num="80" count="1" type="stmt"/>
        <line num="86" count="7" type="stmt"/>
        <line num="90" count="7" type="stmt"/>
      </file>
      <file name="report.repository.ts" path="C:\School\6\PPL\Dev\INVENTUM-BE\src\repository\report.repository.ts">
        <metrics statements="13" coveredstatements="13" conditionals="8" coveredconditionals="8" methods="4" coveredmethods="4"/>
        <line num="2" count="4" type="stmt"/>
        <line num="12" count="7" type="stmt"/>
        <line num="17" count="6" type="stmt"/>
        <line num="29" count="5" type="stmt"/>
        <line num="31" count="5" type="stmt"/>
        <line num="32" count="14" type="cond" truecount="1" falsecount="0"/>
        <line num="34" count="13" type="stmt"/>
        <line num="35" count="13" type="stmt"/>
        <line num="37" count="13" type="cond" truecount="4" falsecount="0"/>
        <line num="42" count="13" type="cond" truecount="1" falsecount="0"/>
        <line num="46" count="12" type="stmt"/>
        <line num="50" count="5" type="stmt"/>
        <line num="57" count="4" type="stmt"/>
      </file>
      <file name="request.repository.ts" path="C:\School\6\PPL\Dev\INVENTUM-BE\src\repository\request.repository.ts">
        <metrics statements="27" coveredstatements="27" conditionals="12" coveredconditionals="12" methods="7" coveredmethods="7"/>
        <line num="2" count="9" type="stmt"/>
        <line num="4" count="9" type="stmt"/>
        <line num="7" count="9" type="stmt"/>
        <line num="14" count="32" type="stmt"/>
        <line num="15" count="32" type="stmt"/>
        <line num="19" count="2" type="stmt"/>
        <line num="47" count="2" type="stmt"/>
        <line num="55" count="7" type="stmt"/>
        <line num="57" count="7" type="cond" truecount="2" falsecount="0"/>
        <line num="60" count="7" type="cond" truecount="2" falsecount="0"/>
        <line num="62" count="7" type="stmt"/>
        <line num="98" count="7" type="stmt"/>
        <line num="106" count="6" type="stmt"/>
        <line num="112" count="6" type="cond" truecount="2" falsecount="0"/>
        <line num="115" count="6" type="cond" truecount="2" falsecount="0"/>
        <line num="117" count="6" type="stmt"/>
        <line num="138" count="6" type="stmt"/>
        <line num="146" count="2" type="stmt"/>
        <line num="152" count="2" type="cond" truecount="2" falsecount="0"/>
        <line num="155" count="2" type="cond" truecount="2" falsecount="0"/>
        <line num="157" count="2" type="stmt"/>
        <line num="178" count="2" type="stmt"/>
        <line num="182" count="6" type="stmt"/>
        <line num="183" count="6" type="stmt"/>
        <line num="194" count="8" type="stmt"/>
        <line num="195" count="8" type="stmt"/>
        <line num="205" count="9" type="stmt"/>
      </file>
      <file name="sparepart.repository.ts" path="C:\School\6\PPL\Dev\INVENTUM-BE\src\repository\sparepart.repository.ts">
        <metrics statements="22" coveredstatements="22" conditionals="6" coveredconditionals="6" methods="7" coveredmethods="7"/>
        <line num="3" count="18" type="stmt"/>
        <line num="4" count="18" type="stmt"/>
        <line num="7" count="18" type="stmt"/>
        <line num="14" count="61" type="stmt"/>
        <line num="15" count="61" type="stmt"/>
        <line num="19" count="4" type="stmt"/>
        <line num="20" count="4" type="stmt"/>
        <line num="28" count="3" type="stmt"/>
        <line num="38" count="13" type="stmt"/>
        <line num="40" count="13" type="cond" truecount="2" falsecount="0"/>
        <line num="43" count="13" type="cond" truecount="2" falsecount="0"/>
        <line num="45" count="13" type="stmt"/>
        <line num="57" count="13" type="stmt"/>
        <line num="61" count="3" type="stmt"/>
        <line num="70" count="4" type="stmt"/>
        <line num="84" count="4" type="stmt"/>
        <line num="91" count="4" type="cond" truecount="1" falsecount="0"/>
        <line num="93" count="3" type="stmt"/>
        <line num="106" count="4" type="stmt"/>
        <line num="113" count="4" type="cond" truecount="1" falsecount="0"/>
        <line num="115" count="2" type="stmt"/>
        <line num="125" count="18" type="stmt"/>
      </file>
      <file name="user.repository.ts" path="C:\School\6\PPL\Dev\INVENTUM-BE\src\repository\user.repository.ts">
        <metrics statements="23" coveredstatements="23" conditionals="13" coveredconditionals="13" methods="9" coveredmethods="9"/>
        <line num="3" count="16" type="stmt"/>
        <line num="4" count="16" type="stmt"/>
        <line num="7" count="16" type="stmt"/>
        <line num="14" count="39" type="stmt"/>
        <line num="15" count="39" type="stmt"/>
        <line num="19" count="3" type="stmt"/>
        <line num="20" count="3" type="stmt"/>
        <line num="35" count="2" type="stmt"/>
        <line num="43" count="9" type="stmt"/>
        <line num="45" count="9" type="cond" truecount="2" falsecount="0"/>
        <line num="48" count="9" type="cond" truecount="2" falsecount="0"/>
        <line num="50" count="9" type="stmt"/>
        <line num="65" count="9" type="stmt"/>
        <line num="69" count="5" type="stmt"/>
        <line num="79" count="5" type="cond" truecount="1" falsecount="0"/>
        <line num="80" count="2" type="stmt"/>
        <line num="83" count="3" type="stmt"/>
        <line num="90" count="3" type="stmt"/>
        <line num="102" count="3" type="stmt"/>
        <line num="114" count="3" type="stmt"/>
        <line num="129" count="6" type="stmt"/>
        <line num="142" count="4" type="stmt"/>
        <line num="152" count="16" type="stmt"/>
      </file>
    </package>
    <package name="routes">
      <metrics statements="136" coveredstatements="136" conditionals="1" coveredconditionals="1" methods="3" coveredmethods="3"/>
      <file name="auth.route.ts" path="C:\School\6\PPL\Dev\INVENTUM-BE\src\routes\auth.route.ts">
        <metrics statements="8" coveredstatements="8" conditionals="0" coveredconditionals="0" methods="0" coveredmethods="0"/>
        <line num="1" count="1" type="stmt"/>
        <line num="2" count="1" type="stmt"/>
        <line num="3" count="1" type="stmt"/>
        <line num="4" count="1" type="stmt"/>
        <line num="6" count="1" type="stmt"/>
        <line num="7" count="1" type="stmt"/>
        <line num="10" count="1" type="stmt"/>
        <line num="14" count="1" type="stmt"/>
      </file>
      <file name="calibration-history.routes.ts" path="C:\School\6\PPL\Dev\INVENTUM-BE\src\routes\calibration-history.routes.ts">
        <metrics statements="11" coveredstatements="11" conditionals="0" coveredconditionals="0" methods="0" coveredmethods="0"/>
        <line num="1" count="1" type="stmt"/>
        <line num="2" count="1" type="stmt"/>
        <line num="3" count="1" type="stmt"/>
        <line num="4" count="1" type="stmt"/>
        <line num="5" count="1" type="stmt"/>
        <line num="6" count="1" type="stmt"/>
        <line num="11" count="1" type="stmt"/>
        <line num="12" count="1" type="stmt"/>
        <line num="15" count="1" type="stmt"/>
        <line num="18" count="1" type="stmt"/>
        <line num="32" count="1" type="stmt"/>
      </file>
      <file name="comment.route.ts" path="C:\School\6\PPL\Dev\INVENTUM-BE\src\routes\comment.route.ts">
        <metrics statements="11" coveredstatements="11" conditionals="0" coveredconditionals="0" methods="0" coveredmethods="0"/>
        <line num="1" count="2" type="stmt"/>
        <line num="2" count="2" type="stmt"/>
        <line num="3" count="2" type="stmt"/>
        <line num="4" count="2" type="stmt"/>
        <line num="6" count="2" type="stmt"/>
        <line num="7" count="2" type="stmt"/>
        <line num="10" count="2" type="stmt"/>
        <line num="13" count="2" type="stmt"/>
        <line num="16" count="2" type="stmt"/>
        <line num="19" count="2" type="stmt"/>
        <line num="21" count="2" type="stmt"/>
      </file>
      <file name="division.route.ts" path="C:\School\6\PPL\Dev\INVENTUM-BE\src\routes\division.route.ts">
        <metrics statements="9" coveredstatements="9" conditionals="0" coveredconditionals="0" methods="0" coveredmethods="0"/>
        <line num="1" count="2" type="stmt"/>
        <line num="2" count="2" type="stmt"/>
        <line num="3" count="2" type="stmt"/>
        <line num="4" count="2" type="stmt"/>
        <line num="6" count="2" type="stmt"/>
        <line num="7" count="2" type="stmt"/>
        <line num="10" count="2" type="stmt"/>
        <line num="13" count="2" type="stmt"/>
        <line num="22" count="2" type="stmt"/>
      </file>
      <file name="maintenance-history.route.ts" path="C:\School\6\PPL\Dev\INVENTUM-BE\src\routes\maintenance-history.route.ts">
        <metrics statements="11" coveredstatements="11" conditionals="0" coveredconditionals="0" methods="0" coveredmethods="0"/>
        <line num="1" count="1" type="stmt"/>
        <line num="2" count="1" type="stmt"/>
        <line num="3" count="1" type="stmt"/>
        <line num="4" count="1" type="stmt"/>
        <line num="5" count="1" type="stmt"/>
        <line num="6" count="1" type="stmt"/>
        <line num="11" count="1" type="stmt"/>
        <line num="12" count="1" type="stmt"/>
        <line num="15" count="1" type="stmt"/>
        <line num="18" count="1" type="stmt"/>
        <line num="32" count="1" type="stmt"/>
      </file>
      <file name="medical-equipment.route.ts" path="C:\School\6\PPL\Dev\INVENTUM-BE\src\routes\medical-equipment.route.ts">
        <metrics statements="11" coveredstatements="11" conditionals="0" coveredconditionals="0" methods="0" coveredmethods="0"/>
        <line num="1" count="2" type="stmt"/>
        <line num="2" count="2" type="stmt"/>
        <line num="3" count="2" type="stmt"/>
        <line num="4" count="2" type="stmt"/>
        <line num="9" count="2" type="stmt"/>
        <line num="10" count="2" type="stmt"/>
        <line num="12" count="2" type="stmt"/>
        <line num="13" count="2" type="stmt"/>
        <line num="16" count="2" type="stmt"/>
        <line num="19" count="2" type="stmt"/>
        <line num="41" count="2" type="stmt"/>
      </file>
      <file name="parts-history.routes.ts" path="C:\School\6\PPL\Dev\INVENTUM-BE\src\routes\parts-history.routes.ts">
        <metrics statements="11" coveredstatements="11" conditionals="0" coveredconditionals="0" methods="0" coveredmethods="0"/>
        <line num="1" count="1" type="stmt"/>
        <line num="2" count="1" type="stmt"/>
        <line num="3" count="1" type="stmt"/>
        <line num="4" count="1" type="stmt"/>
        <line num="5" count="1" type="stmt"/>
        <line num="6" count="1" type="stmt"/>
        <line num="11" count="1" type="stmt"/>
        <line num="12" count="1" type="stmt"/>
        <line num="15" count="1" type="stmt"/>
        <line num="18" count="1" type="stmt"/>
        <line num="32" count="1" type="stmt"/>
      </file>
      <file name="report.route.ts" path="C:\School\6\PPL\Dev\INVENTUM-BE\src\routes\report.route.ts">
        <metrics statements="9" coveredstatements="9" conditionals="0" coveredconditionals="0" methods="0" coveredmethods="0"/>
        <line num="1" count="1" type="stmt"/>
        <line num="2" count="1" type="stmt"/>
        <line num="3" count="1" type="stmt"/>
        <line num="4" count="1" type="stmt"/>
        <line num="6" count="1" type="stmt"/>
        <line num="7" count="1" type="stmt"/>
        <line num="10" count="1" type="stmt"/>
        <line num="13" count="1" type="stmt"/>
        <line num="15" count="1" type="stmt"/>
      </file>
      <file name="request.route.ts" path="C:\School\6\PPL\Dev\INVENTUM-BE\src\routes\request.route.ts">
        <metrics statements="17" coveredstatements="17" conditionals="0" coveredconditionals="0" methods="0" coveredmethods="0"/>
        <line num="1" count="2" type="stmt"/>
        <line num="2" count="2" type="stmt"/>
        <line num="3" count="2" type="stmt"/>
        <line num="4" count="2" type="stmt"/>
        <line num="5" count="2" type="stmt"/>
        <line num="6" count="2" type="stmt"/>
        <line num="8" count="2" type="stmt"/>
        <line num="9" count="2" type="stmt"/>
        <line num="12" count="2" type="stmt"/>
        <line num="15" count="2" type="stmt"/>
        <line num="18" count="2" type="stmt"/>
        <line num="21" count="2" type="stmt"/>
        <line num="24" count="2" type="stmt"/>
        <line num="27" count="2" type="stmt"/>
        <line num="35" count="2" type="stmt"/>
        <line num="43" count="2" type="stmt"/>
        <line num="45" count="2" type="stmt"/>
      </file>
      <file name="sparepart.route.ts" path="C:\School\6\PPL\Dev\INVENTUM-BE\src\routes\sparepart.route.ts">
        <metrics statements="27" coveredstatements="27" conditionals="1" coveredconditionals="1" methods="3" coveredmethods="3"/>
        <line num="1" count="3" type="stmt"/>
        <line num="2" count="3" type="stmt"/>
        <line num="3" count="3" type="stmt"/>
        <line num="4" count="3" type="stmt"/>
        <line num="9" count="3" type="stmt"/>
        <line num="10" count="3" type="stmt"/>
        <line num="11" count="3" type="stmt"/>
        <line num="12" count="3" type="stmt"/>
        <line num="13" count="3" type="stmt"/>
        <line num="15" count="3" type="stmt"/>
        <line num="16" count="3" type="stmt"/>
        <line num="19" count="3" type="stmt"/>
        <line num="20" count="3" type="stmt"/>
        <line num="22" count="3" type="stmt"/>
        <line num="28" count="1" type="stmt"/>
        <line num="36" count="1" type="stmt"/>
        <line num="37" count="1" type="stmt"/>
        <line num="38" count="1" type="stmt"/>
        <line num="39" count="1" type="stmt"/>
        <line num="44" count="3" type="stmt"/>
        <line num="50" count="2" type="cond" truecount="1" falsecount="0"/>
        <line num="51" count="1" type="stmt"/>
        <line num="52" count="1" type="stmt"/>
        <line num="54" count="1" type="stmt"/>
        <line num="59" count="3" type="stmt"/>
        <line num="62" count="3" type="stmt"/>
        <line num="86" count="3" type="stmt"/>
      </file>
      <file name="user.route.ts" path="C:\School\6\PPL\Dev\INVENTUM-BE\src\routes\user.route.ts">
        <metrics statements="11" coveredstatements="11" conditionals="0" coveredconditionals="0" methods="0" coveredmethods="0"/>
        <line num="1" count="2" type="stmt"/>
        <line num="2" count="2" type="stmt"/>
        <line num="3" count="2" type="stmt"/>
        <line num="4" count="2" type="stmt"/>
        <line num="9" count="2" type="stmt"/>
        <line num="10" count="2" type="stmt"/>
        <line num="12" count="2" type="stmt"/>
        <line num="13" count="2" type="stmt"/>
        <line num="16" count="2" type="stmt"/>
        <line num="19" count="2" type="stmt"/>
        <line num="26" count="2" type="stmt"/>
      </file>
    </package>
    <package name="services">
      <metrics statements="292" coveredstatements="292" conditionals="302" coveredconditionals="302" methods="58" coveredmethods="58"/>
      <file name="auth.service.ts" path="C:\School\6\PPL\Dev\INVENTUM-BE\src\services\auth.service.ts">
        <metrics statements="19" coveredstatements="19" conditionals="3" coveredconditionals="3" methods="3" coveredmethods="3"/>
        <line num="1" count="3" type="stmt"/>
        <line num="2" count="3" type="stmt"/>
        <line num="3" count="3" type="stmt"/>
        <line num="10" count="6" type="stmt"/>
        <line num="14" count="5" type="stmt"/>
        <line num="16" count="5" type="cond" truecount="1" falsecount="0"/>
        <line num="17" count="1" type="stmt"/>
        <line num="20" count="4" type="stmt"/>
        <line num="22" count="4" type="cond" truecount="1" falsecount="0"/>
        <line num="23" count="1" type="stmt"/>
        <line num="26" count="3" type="stmt"/>
        <line num="27" count="3" type="stmt"/>
        <line num="31" count="2" type="stmt"/>
        <line num="33" count="2" type="stmt"/>
        <line num="35" count="2" type="cond" truecount="1" falsecount="0"/>
        <line num="36" count="1" type="stmt"/>
        <line num="39" count="1" type="stmt"/>
        <line num="51" count="1" type="stmt"/>
        <line num="55" count="3" type="stmt"/>
      </file>
      <file name="calibration-history.service.ts" path="C:\School\6\PPL\Dev\INVENTUM-BE\src\services\calibration-history.service.ts">
        <metrics statements="18" coveredstatements="18" conditionals="25" coveredconditionals="25" methods="3" coveredmethods="3"/>
        <line num="8" count="5" type="stmt"/>
        <line num="9" count="5" type="stmt"/>
        <line num="10" count="5" type="stmt"/>
        <line num="17" count="16" type="stmt"/>
        <line num="18" count="16" type="stmt"/>
        <line num="25" count="5" type="stmt"/>
        <line num="29" count="5" type="cond" truecount="1" falsecount="0"/>
        <line num="30" count="1" type="stmt"/>
        <line num="35" count="4" type="stmt"/>
        <line num="37" count="4" type="stmt"/>
        <line num="48" count="10" type="cond" truecount="5" falsecount="0"/>
        <line num="50" count="9" type="stmt"/>
        <line num="54" count="9" type="cond" truecount="1" falsecount="0"/>
        <line num="55" count="1" type="stmt"/>
        <line num="63" count="9" type="stmt"/>
        <line num="70" count="8" type="cond" truecount="2" falsecount="0"/>
        <line num="73" count="8" type="stmt"/>
        <line num="85" count="5" type="stmt"/>
      </file>
      <file name="comment.service.ts" path="C:\School\6\PPL\Dev\INVENTUM-BE\src\services\comment.service.ts">
        <metrics statements="18" coveredstatements="18" conditionals="0" coveredconditionals="0" methods="4" coveredmethods="4"/>
        <line num="2" count="3" type="stmt"/>
        <line num="9" count="7" type="stmt"/>
        <line num="15" count="2" type="stmt"/>
        <line num="16" count="2" type="stmt"/>
        <line num="17" count="1" type="stmt"/>
        <line num="19" count="1" type="stmt"/>
        <line num="20" count="1" type="stmt"/>
        <line num="27" count="2" type="stmt"/>
        <line num="29" count="2" type="stmt"/>
        <line num="30" count="1" type="stmt"/>
        <line num="32" count="1" type="stmt"/>
        <line num="33" count="1" type="stmt"/>
        <line num="38" count="2" type="stmt"/>
        <line num="39" count="2" type="stmt"/>
        <line num="40" count="1" type="stmt"/>
        <line num="42" count="1" type="stmt"/>
        <line num="43" count="1" type="stmt"/>
        <line num="48" count="3" type="stmt"/>
      </file>
      <file name="division.service.ts" path="C:\School\6\PPL\Dev\INVENTUM-BE\src\services\division.service.ts">
        <metrics statements="43" coveredstatements="43" conditionals="20" coveredconditionals="20" methods="11" coveredmethods="11"/>
        <line num="3" count="9" type="stmt"/>
        <line num="10" count="31" type="cond" truecount="2" falsecount="0"/>
        <line num="14" count="6" type="cond" truecount="4" falsecount="0"/>
        <line num="15" count="3" type="stmt"/>
        <line num="17" count="3" type="stmt"/>
        <line num="20" count="2" type="cond" truecount="1" falsecount="0"/>
        <line num="21" count="1" type="stmt"/>
        <line num="25" count="4" type="stmt"/>
        <line num="29" count="2" type="stmt"/>
        <line num="33" count="2" type="stmt"/>
        <line num="39" count="2" type="stmt"/>
        <line num="46" count="8" type="stmt"/>
        <line num="47" count="8" type="cond" truecount="1" falsecount="0"/>
        <line num="48" count="1" type="stmt"/>
        <line num="52" count="7" type="cond" truecount="1" falsecount="0"/>
        <line num="53" count="5" type="stmt"/>
        <line num="57" count="4" type="stmt"/>
        <line num="59" count="4" type="cond" truecount="1" falsecount="0"/>
        <line num="60" count="4" type="stmt"/>
        <line num="63" count="4" type="cond" truecount="1" falsecount="0"/>
        <line num="64" count="2" type="cond" truecount="2" falsecount="0"/>
        <line num="66" count="1" type="stmt"/>
        <line num="69" count="1" type="stmt"/>
        <line num="73" count="4" type="stmt"/>
        <line num="74" count="4" type="stmt"/>
        <line num="77" count="2" type="cond" truecount="2" falsecount="0"/>
        <line num="78" count="2" type="stmt"/>
        <line num="86" count="5" type="cond" truecount="1" falsecount="0"/>
        <line num="88" count="4" type="stmt"/>
        <line num="89" count="4" type="cond" truecount="1" falsecount="0"/>
        <line num="90" count="1" type="stmt"/>
        <line num="92" count="3" type="cond" truecount="1" falsecount="0"/>
        <line num="93" count="1" type="stmt"/>
        <line num="95" count="2" type="stmt"/>
        <line num="99" count="2" type="cond" truecount="1" falsecount="0"/>
        <line num="100" count="1" type="stmt"/>
        <line num="108" count="5" type="stmt"/>
        <line num="112" count="3" type="stmt"/>
        <line num="123" count="3" type="cond" truecount="1" falsecount="0"/>
        <line num="124" count="2" type="stmt"/>
        <line num="126" count="3" type="stmt"/>
        <line num="130" count="9" type="stmt"/>
        <line num="131" count="9" type="stmt"/>
      </file>
      <file name="maintenance-history.service.ts" path="C:\School\6\PPL\Dev\INVENTUM-BE\src\services\maintenance-history.service.ts">
        <metrics statements="18" coveredstatements="18" conditionals="25" coveredconditionals="25" methods="3" coveredmethods="3"/>
        <line num="8" count="5" type="stmt"/>
        <line num="9" count="5" type="stmt"/>
        <line num="10" count="5" type="stmt"/>
        <line num="17" count="17" type="stmt"/>
        <line num="18" count="17" type="stmt"/>
        <line num="25" count="4" type="stmt"/>
        <line num="29" count="4" type="cond" truecount="1" falsecount="0"/>
        <line num="30" count="1" type="stmt"/>
        <line num="35" count="3" type="stmt"/>
        <line num="37" count="3" type="stmt"/>
        <line num="48" count="12" type="cond" truecount="5" falsecount="0"/>
        <line num="50" count="10" type="stmt"/>
        <line num="54" count="10" type="cond" truecount="1" falsecount="0"/>
        <line num="55" count="1" type="stmt"/>
        <line num="62" count="11" type="stmt"/>
        <line num="68" count="10" type="cond" truecount="2" falsecount="0"/>
        <line num="70" count="10" type="stmt"/>
        <line num="82" count="5" type="stmt"/>
      </file>
      <file name="medical-equipment.service.ts" path="C:\School\6\PPL\Dev\INVENTUM-BE\src\services\medical-equipment.service.ts">
        <metrics statements="31" coveredstatements="31" conditionals="37" coveredconditionals="37" methods="6" coveredmethods="6"/>
        <line num="1" count="9" type="stmt"/>
        <line num="11" count="9" type="stmt"/>
        <line num="17" count="29" type="stmt"/>
        <line num="23" count="5" type="cond" truecount="1" falsecount="0"/>
        <line num="28" count="2" type="stmt"/>
        <line num="32" count="3" type="stmt"/>
        <line num="35" count="2" type="cond" truecount="1" falsecount="0"/>
        <line num="36" count="1" type="stmt"/>
        <line num="39" count="1" type="stmt"/>
        <line num="44" count="1" type="stmt"/>
        <line num="55" count="8" type="stmt"/>
        <line num="61" count="7" type="cond" truecount="2" falsecount="0"/>
        <line num="63" count="7" type="stmt"/>
        <line num="77" count="5" type="cond" truecount="4" falsecount="0"/>
        <line num="78" count="2" type="stmt"/>
        <line num="81" count="3" type="stmt"/>
        <line num="88" count="6" type="cond" truecount="4" falsecount="0"/>
        <line num="89" count="2" type="stmt"/>
        <line num="92" count="4" type="stmt"/>
        <line num="93" count="4" type="cond" truecount="1" falsecount="0"/>
        <line num="94" count="1" type="stmt"/>
        <line num="97" count="3" type="stmt"/>
        <line num="101" count="3" type="stmt"/>
        <line num="111" count="5" type="cond" truecount="4" falsecount="0"/>
        <line num="112" count="2" type="stmt"/>
        <line num="115" count="3" type="stmt"/>
        <line num="116" count="3" type="cond" truecount="1" falsecount="0"/>
        <line num="117" count="1" type="stmt"/>
        <line num="120" count="2" type="stmt"/>
        <line num="122" count="2" type="stmt"/>
        <line num="129" count="9" type="stmt"/>
      </file>
      <file name="parts-history.service.ts" path="C:\School\6\PPL\Dev\INVENTUM-BE\src\services\parts-history.service.ts">
        <metrics statements="27" coveredstatements="27" conditionals="32" coveredconditionals="32" methods="3" coveredmethods="3"/>
        <line num="7" count="5" type="stmt"/>
        <line num="8" count="5" type="stmt"/>
        <line num="9" count="5" type="stmt"/>
        <line num="10" count="5" type="stmt"/>
        <line num="19" count="11" type="stmt"/>
        <line num="20" count="11" type="stmt"/>
        <line num="21" count="11" type="stmt"/>
        <line num="28" count="4" type="stmt"/>
        <line num="32" count="4" type="cond" truecount="1" falsecount="0"/>
        <line num="33" count="1" type="stmt"/>
        <line num="38" count="3" type="stmt"/>
        <line num="42" count="3" type="cond" truecount="1" falsecount="0"/>
        <line num="43" count="1" type="stmt"/>
        <line num="48" count="2" type="stmt"/>
        <line num="50" count="2" type="stmt"/>
        <line num="61" count="6" type="cond" truecount="5" falsecount="0"/>
        <line num="63" count="2" type="stmt"/>
        <line num="67" count="2" type="cond" truecount="1" falsecount="0"/>
        <line num="68" count="1" type="stmt"/>
        <line num="74" count="5" type="cond" truecount="5" falsecount="0"/>
        <line num="75" count="1" type="stmt"/>
        <line num="79" count="1" type="cond" truecount="1" falsecount="0"/>
        <line num="80" count="1" type="stmt"/>
        <line num="87" count="4" type="stmt"/>
        <line num="93" count="3" type="cond" truecount="2" falsecount="0"/>
        <line num="95" count="3" type="stmt"/>
        <line num="107" count="5" type="stmt"/>
      </file>
      <file name="report.service.ts" path="C:\School\6\PPL\Dev\INVENTUM-BE\src\services\report.service.ts">
        <metrics statements="22" coveredstatements="22" conditionals="10" coveredconditionals="10" methods="5" coveredmethods="5"/>
        <line num="2" count="3" type="stmt"/>
        <line num="3" count="3" type="stmt"/>
        <line num="9" count="11" type="stmt"/>
        <line num="16" count="10" type="stmt"/>
        <line num="17" count="9" type="stmt"/>
        <line num="19" count="6" type="stmt"/>
        <line num="28" count="9" type="cond" truecount="1" falsecount="0"/>
        <line num="29" count="3" type="stmt"/>
        <line num="34" count="6" type="stmt"/>
        <line num="35" count="6" type="stmt"/>
        <line num="38" count="6" type="stmt"/>
        <line num="39" count="72" type="stmt"/>
        <line num="40" count="72" type="stmt"/>
        <line num="41" count="72" type="stmt"/>
        <line num="43" count="72" type="stmt"/>
        <line num="51" count="6" type="stmt"/>
        <line num="52" count="7" type="cond" truecount="1" falsecount="0"/>
        <line num="53" count="6" type="cond" truecount="4" falsecount="0"/>
        <line num="54" count="6" type="cond" truecount="4" falsecount="0"/>
        <line num="59" count="6" type="stmt"/>
        <line num="60" count="66" type="stmt"/>
        <line num="65" count="3" type="stmt"/>
      </file>
      <file name="request.service.ts" path="C:\School\6\PPL\Dev\INVENTUM-BE\src\services\request.service.ts">
        <metrics statements="31" coveredstatements="31" conditionals="68" coveredconditionals="68" methods="7" coveredmethods="7"/>
        <line num="1" count="6" type="stmt"/>
        <line num="3" count="6" type="stmt"/>
        <line num="5" count="6" type="stmt"/>
        <line num="13" count="31" type="stmt"/>
        <line num="19" count="6" type="cond" truecount="4" falsecount="0"/>
        <line num="20" count="3" type="stmt"/>
        <line num="26" count="3" type="stmt"/>
        <line num="28" count="2" type="cond" truecount="1" falsecount="0"/>
        <line num="29" count="1" type="stmt"/>
        <line num="32" count="1" type="stmt"/>
        <line num="40" count="4" type="stmt"/>
        <line num="46" count="3" type="cond" truecount="2" falsecount="0"/>
        <line num="50" count="3" type="stmt"/>
        <line num="67" count="4" type="stmt"/>
        <line num="73" count="3" type="cond" truecount="2" falsecount="0"/>
        <line num="77" count="3" type="stmt"/>
        <line num="94" count="5" type="stmt"/>
        <line num="100" count="4" type="cond" truecount="2" falsecount="0"/>
        <line num="104" count="4" type="stmt"/>
        <line num="118" count="7" type="stmt"/>
        <line num="123" count="5" type="stmt"/>
        <line num="130" count="8" type="cond" truecount="4" falsecount="0"/>
        <line num="131" count="2" type="stmt"/>
        <line num="137" count="6" type="cond" truecount="4" falsecount="0"/>
        <line num="138" count="2" type="stmt"/>
        <line num="142" count="4" type="stmt"/>
        <line num="143" count="3" type="cond" truecount="1" falsecount="0"/>
        <line num="144" count="1" type="stmt"/>
        <line num="147" count="2" type="stmt"/>
        <line num="152" count="1" type="stmt"/>
        <line num="156" count="6" type="stmt"/>
      </file>
      <file name="sparepart.service.ts" path="C:\School\6\PPL\Dev\INVENTUM-BE\src\services\sparepart.service.ts">
        <metrics statements="34" coveredstatements="34" conditionals="42" coveredconditionals="42" methods="7" coveredmethods="7"/>
        <line num="1" count="10" type="stmt"/>
        <line num="4" count="10" type="stmt"/>
        <line num="12" count="51" type="stmt"/>
        <line num="16" count="12" type="cond" truecount="1" falsecount="0"/>
        <line num="21" count="6" type="stmt"/>
        <line num="24" count="6" type="stmt"/>
        <line num="25" count="6" type="stmt"/>
        <line num="30" count="6" type="stmt"/>
        <line num="38" count="8" type="stmt"/>
        <line num="44" count="7" type="cond" truecount="2" falsecount="0"/>
        <line num="46" count="7" type="stmt"/>
        <line num="58" count="3" type="cond" truecount="4" falsecount="0"/>
        <line num="59" count="1" type="stmt"/>
        <line num="62" count="2" type="stmt"/>
        <line num="66" count="2" type="cond" truecount="3" falsecount="0"/>
        <line num="67" count="1" type="stmt"/>
        <line num="70" count="1" type="stmt"/>
        <line num="77" count="12" type="cond" truecount="4" falsecount="0"/>
        <line num="78" count="2" type="stmt"/>
        <line num="81" count="10" type="stmt"/>
        <line num="82" count="10" type="cond" truecount="1" falsecount="0"/>
        <line num="83" count="2" type="stmt"/>
        <line num="86" count="8" type="cond" truecount="3" falsecount="0"/>
        <line num="87" count="3" type="stmt"/>
        <line num="96" count="4" type="stmt"/>
        <line num="97" count="4" type="stmt"/>
        <line num="99" count="4" type="stmt"/>
        <line num="106" count="7" type="cond" truecount="4" falsecount="0"/>
        <line num="107" count="2" type="stmt"/>
        <line num="110" count="5" type="stmt"/>
        <line num="111" count="5" type="cond" truecount="1" falsecount="0"/>
        <line num="112" count="2" type="stmt"/>
        <line num="115" count="3" type="stmt"/>
        <line num="119" count="10" type="stmt"/>
      </file>
      <file name="user.service.ts" path="C:\School\6\PPL\Dev\INVENTUM-BE\src\services\user.service.ts">
        <metrics statements="31" coveredstatements="31" conditionals="40" coveredconditionals="40" methods="6" coveredmethods="6"/>
        <line num="5" count="10" type="stmt"/>
        <line num="6" count="10" type="stmt"/>
        <line num="7" count="10" type="stmt"/>
        <line num="13" count="23" type="stmt"/>
        <line num="17" count="5" type="stmt"/>
        <line num="20" count="5" type="cond" truecount="1" falsecount="0"/>
        <line num="21" count="1" type="stmt"/>
        <line num="24" count="4" type="stmt"/>
        <line num="27" count="4" type="cond" truecount="1" falsecount="0"/>
        <line num="28" count="1" type="stmt"/>
        <line num="31" count="3" type="cond" truecount="3" falsecount="0"/>
        <line num="32" count="3" type="stmt"/>
        <line num="35" count="3" type="cond" truecount="1" falsecount="0"/>
        <line num="36" count="1" type="stmt"/>
        <line num="40" count="2" type="stmt"/>
        <line num="42" count="2" type="stmt"/>
        <line num="43" count="2" type="stmt"/>
        <line num="62" count="3" type="stmt"/>
        <line num="68" count="3" type="cond" truecount="2" falsecount="0"/>
        <line num="70" count="3" type="stmt"/>
        <line num="82" count="2" type="stmt"/>
        <line num="90" count="6" type="stmt"/>
        <line num="92" count="6" type="cond" truecount="1" falsecount="0"/>
        <line num="93" count="1" type="stmt"/>
        <line num="96" count="5" type="stmt"/>
        <line num="98" count="5" type="stmt"/>
        <line num="109" count="5" type="cond" truecount="1" falsecount="0"/>
        <line num="110" count="2" type="stmt"/>
        <line num="113" count="4" type="stmt"/>
        <line num="120" count="5" type="stmt"/>
        <line num="124" count="10" type="stmt"/>
      </file>
    </package>
    <package name="utils">
      <metrics statements="17" coveredstatements="17" conditionals="6" coveredconditionals="6" methods="3" coveredmethods="3"/>
      <file name="appError.ts" path="C:\School\6\PPL\Dev\INVENTUM-BE\src\utils\appError.ts">
        <metrics statements="4" coveredstatements="4" conditionals="0" coveredconditionals="0" methods="1" coveredmethods="1"/>
        <line num="5" count="41" type="stmt"/>
        <line num="6" count="41" type="stmt"/>
        <line num="7" count="41" type="stmt"/>
        <line num="11" count="16" type="stmt"/>
      </file>
      <file name="date.utils.ts" path="C:\School\6\PPL\Dev\INVENTUM-BE\src\utils\date.utils.ts">
        <metrics statements="13" coveredstatements="13" conditionals="6" coveredconditionals="6" methods="2" coveredmethods="2"/>
        <line num="5" count="63" type="stmt"/>
        <line num="6" count="2" type="stmt"/>
        <line num="7" count="2" type="stmt"/>
        <line num="14" count="63" type="cond" truecount="1" falsecount="0"/>
        <line num="15" count="16" type="stmt"/>
        <line num="16" count="16" type="cond" truecount="1" falsecount="0"/>
        <line num="19" count="10" type="cond" truecount="2" falsecount="0"/>
        <line num="20" count="8" type="cond" truecount="2" falsecount="0"/>
        <line num="22" count="3" type="stmt"/>
        <line num="25" count="5" type="stmt"/>
        <line num="26" count="5" type="stmt"/>
        <line num="30" count="2" type="stmt"/>
        <line num="32" count="10" type="stmt"/>
      </file>
    </package>
    <package name="utils.builders">
      <metrics statements="168" coveredstatements="168" conditionals="154" coveredconditionals="154" methods="38" coveredmethods="38"/>
      <file name="calibration-history-where.builder.ts" path="C:\School\6\PPL\Dev\INVENTUM-BE\src\utils\builders\calibration-history-where.builder.ts">
        <metrics statements="22" coveredstatements="22" conditionals="8" coveredconditionals="8" methods="4" coveredmethods="4"/>
        <line num="1" count="8" type="stmt"/>
        <line num="6" count="13" type="cond" truecount="1" falsecount="0"/>
        <line num="7" count="3" type="stmt"/>
        <line num="12" count="13" type="stmt"/>
        <line num="16" count="19" type="cond" truecount="1" falsecount="0"/>
        <line num="17" count="11" type="cond" truecount="1" falsecount="0"/>
        <line num="18" count="5" type="stmt"/>
        <line num="21" count="11" type="cond" truecount="3" falsecount="0"/>
        <line num="22" count="5" type="stmt"/>
        <line num="25" count="11" type="cond" truecount="1" falsecount="0"/>
        <line num="26" count="3" type="stmt"/>
        <line num="29" count="11" type="stmt"/>
        <line num="31" count="11" type="stmt"/>
        <line num="37" count="11" type="stmt"/>
        <line num="44" count="19" type="stmt"/>
        <line num="48" count="5" type="stmt"/>
        <line num="58" count="16" type="stmt"/>
        <line num="60" count="16" type="cond" truecount="1" falsecount="0"/>
        <line num="61" count="4" type="stmt"/>
        <line num="64" count="16" type="stmt"/>
        <line num="66" count="16" type="stmt"/>
        <line num="69" count="8" type="stmt"/>
      </file>
      <file name="maintenance-history-where.builder.ts" path="C:\School\6\PPL\Dev\INVENTUM-BE\src\utils\builders\maintenance-history-where.builder.ts">
        <metrics statements="16" coveredstatements="16" conditionals="6" coveredconditionals="6" methods="3" coveredmethods="3"/>
        <line num="1" count="8" type="stmt"/>
        <line num="6" count="21" type="cond" truecount="1" falsecount="0"/>
        <line num="7" count="19" type="cond" truecount="1" falsecount="0"/>
        <line num="8" count="18" type="stmt"/>
        <line num="11" count="19" type="cond" truecount="3" falsecount="0"/>
        <line num="12" count="4" type="stmt"/>
        <line num="15" count="19" type="stmt"/>
        <line num="21" count="19" type="stmt"/>
        <line num="28" count="21" type="stmt"/>
        <line num="32" count="6" type="stmt"/>
        <line num="39" count="18" type="stmt"/>
        <line num="41" count="18" type="cond" truecount="1" falsecount="0"/>
        <line num="42" count="5" type="stmt"/>
        <line num="45" count="18" type="stmt"/>
        <line num="47" count="18" type="stmt"/>
        <line num="50" count="8" type="stmt"/>
      </file>
      <file name="medical-equipment-where.builder.ts" path="C:\School\6\PPL\Dev\INVENTUM-BE\src\utils\builders\medical-equipment-where.builder.ts">
        <metrics statements="15" coveredstatements="15" conditionals="32" coveredconditionals="32" methods="3" coveredmethods="3"/>
        <line num="1" count="26" type="stmt"/>
        <line num="6" count="12" type="cond" truecount="7" falsecount="0"/>
        <line num="7" count="5" type="stmt"/>
        <line num="10" count="12" type="stmt"/>
        <line num="16" count="12" type="stmt"/>
        <line num="22" count="12" type="stmt"/>
        <line num="28" count="12" type="stmt"/>
        <line num="32" count="4" type="stmt"/>
        <line num="43" count="10" type="stmt"/>
        <line num="44" count="10" type="stmt"/>
        <line num="45" count="10" type="cond" truecount="1" falsecount="0"/>
        <line num="46" count="3" type="stmt"/>
        <line num="49" count="10" type="stmt"/>
        <line num="51" count="10" type="stmt"/>
        <line num="54" count="26" type="stmt"/>
      </file>
      <file name="parts-history-where.builder.ts" path="C:\School\6\PPL\Dev\INVENTUM-BE\src\utils\builders\parts-history-where.builder.ts">
        <metrics statements="18" coveredstatements="18" conditionals="7" coveredconditionals="7" methods="3" coveredmethods="3"/>
        <line num="1" count="8" type="stmt"/>
        <line num="6" count="13" type="cond" truecount="1" falsecount="0"/>
        <line num="8" count="7" type="cond" truecount="1" falsecount="0"/>
        <line num="9" count="5" type="stmt"/>
        <line num="12" count="7" type="cond" truecount="1" falsecount="0"/>
        <line num="13" count="3" type="stmt"/>
        <line num="16" count="7" type="cond" truecount="3" falsecount="0"/>
        <line num="17" count="3" type="stmt"/>
        <line num="20" count="7" type="stmt"/>
        <line num="26" count="7" type="stmt"/>
        <line num="32" count="7" type="stmt"/>
        <line num="36" count="4" type="stmt"/>
        <line num="43" count="10" type="stmt"/>
        <line num="44" count="10" type="cond" truecount="1" falsecount="0"/>
        <line num="45" count="3" type="stmt"/>
        <line num="48" count="10" type="stmt"/>
        <line num="50" count="10" type="stmt"/>
        <line num="54" count="8" type="stmt"/>
      </file>
      <file name="request-where.builder.ts" path="C:\School\6\PPL\Dev\INVENTUM-BE\src\utils\builders\request-where.builder.ts">
        <metrics statements="21" coveredstatements="21" conditionals="8" coveredconditionals="8" methods="4" coveredmethods="4"/>
        <line num="1" count="10" type="stmt"/>
        <line num="6" count="29" type="cond" truecount="1" falsecount="0"/>
        <line num="8" count="16" type="cond" truecount="1" falsecount="0"/>
        <line num="9" count="11" type="cond" truecount="2" falsecount="0"/>
        <line num="12" count="11" type="stmt"/>
        <line num="15" count="16" type="cond" truecount="1" falsecount="0"/>
        <line num="16" count="6" type="stmt"/>
        <line num="19" count="16" type="stmt"/>
        <line num="25" count="16" type="stmt"/>
        <line num="29" count="13" type="cond" truecount="1" falsecount="0"/>
        <line num="30" count="12" type="stmt"/>
        <line num="32" count="13" type="stmt"/>
        <line num="36" count="7" type="stmt"/>
        <line num="44" count="20" type="stmt"/>
        <line num="46" count="20" type="cond" truecount="1" falsecount="0"/>
        <line num="47" count="5" type="stmt"/>
        <line num="50" count="20" type="stmt"/>
        <line num="52" count="20" type="cond" truecount="1" falsecount="0"/>
        <line num="53" count="10" type="stmt"/>
        <line num="56" count="20" type="stmt"/>
        <line num="60" count="10" type="stmt"/>
      </file>
      <file name="sparepart-where.builder.ts" path="C:\School\6\PPL\Dev\INVENTUM-BE\src\utils\builders\sparepart-where.builder.ts">
        <metrics statements="23" coveredstatements="23" conditionals="43" coveredconditionals="43" methods="6" coveredmethods="6"/>
        <line num="1" count="19" type="stmt"/>
        <line num="6" count="18" type="cond" truecount="1" falsecount="0"/>
        <line num="7" count="5" type="stmt"/>
        <line num="9" count="18" type="stmt"/>
        <line num="13" count="18" type="cond" truecount="1" falsecount="0"/>
        <line num="14" count="4" type="stmt"/>
        <line num="16" count="18" type="stmt"/>
        <line num="20" count="19" type="stmt"/>
        <line num="24" count="16" type="cond" truecount="4" falsecount="0"/>
        <line num="25" count="16" type="cond" truecount="4" falsecount="0"/>
        <line num="26" count="16" type="cond" truecount="8" falsecount="0"/>
        <line num="28" count="16" type="stmt"/>
        <line num="34" count="16" type="stmt"/>
        <line num="40" count="16" type="stmt"/>
        <line num="46" count="16" type="stmt"/>
        <line num="50" count="4" type="stmt"/>
        <line num="54" count="15" type="stmt"/>
        <line num="55" count="15" type="stmt"/>
        <line num="56" count="15" type="cond" truecount="1" falsecount="0"/>
        <line num="57" count="3" type="stmt"/>
        <line num="60" count="15" type="stmt"/>
        <line num="62" count="15" type="stmt"/>
        <line num="65" count="19" type="stmt"/>
      </file>
      <file name="user-where.builder.ts" path="C:\School\6\PPL\Dev\INVENTUM-BE\src\utils\builders\user-where.builder.ts">
        <metrics statements="20" coveredstatements="20" conditionals="31" coveredconditionals="31" methods="5" coveredmethods="5"/>
        <line num="1" count="17" type="stmt"/>
        <line num="6" count="14" type="cond" truecount="3" falsecount="0"/>
        <line num="7" count="6" type="stmt"/>
        <line num="9" count="14" type="stmt"/>
        <line num="13" count="14" type="cond" truecount="3" falsecount="0"/>
        <line num="14" count="5" type="stmt"/>
        <line num="16" count="14" type="stmt"/>
        <line num="20" count="12" type="cond" truecount="4" falsecount="0"/>
        <line num="21" count="12" type="cond" truecount="4" falsecount="0"/>
        <line num="23" count="12" type="stmt"/>
        <line num="29" count="12" type="stmt"/>
        <line num="35" count="12" type="stmt"/>
        <line num="39" count="4" type="stmt"/>
        <line num="43" count="11" type="stmt"/>
        <line num="44" count="11" type="stmt"/>
        <line num="45" count="11" type="cond" truecount="1" falsecount="0"/>
        <line num="46" count="3" type="stmt"/>
        <line num="49" count="11" type="stmt"/>
        <line num="51" count="11" type="stmt"/>
        <line num="54" count="17" type="stmt"/>
      </file>
      <file name="where-clause.builder.ts" path="C:\School\6\PPL\Dev\INVENTUM-BE\src\utils\builders\where-clause.builder.ts">
        <metrics statements="33" coveredstatements="33" conditionals="19" coveredconditionals="19" methods="10" coveredmethods="10"/>
        <line num="2" count="345" type="stmt"/>
        <line num="5" count="345" type="stmt"/>
        <line num="9" count="448" type="stmt"/>
        <line num="10" count="448" type="stmt"/>
        <line num="14" count="40" type="stmt"/>
        <line num="15" count="40" type="stmt"/>
        <line num="19" count="40" type="cond" truecount="4" falsecount="0"/>
        <line num="20" count="68" type="stmt"/>
        <line num="24" count="40" type="stmt"/>
        <line num="32" count="204" type="cond" truecount="3" falsecount="0"/>
        <line num="33" count="48" type="stmt"/>
        <line num="35" count="48" type="cond" truecount="1" falsecount="0"/>
        <line num="36" count="45" type="stmt"/>
        <line num="39" count="48" type="cond" truecount="1" falsecount="0"/>
        <line num="40" count="42" type="stmt"/>
        <line num="43" count="204" type="stmt"/>
        <line num="47" count="49" type="cond" truecount="1" falsecount="0"/>
        <line num="48" count="48" type="cond" truecount="2" falsecount="0"/>
        <line num="50" count="48" type="cond" truecount="1" falsecount="0"/>
        <line num="51" count="46" type="stmt"/>
        <line num="54" count="49" type="stmt"/>
        <line num="58" count="20" type="cond" truecount="1" falsecount="0"/>
        <line num="59" count="18" type="stmt"/>
        <line num="61" count="20" type="stmt"/>
        <line num="69" count="27" type="cond" truecount="3" falsecount="0"/>
        <line num="70" count="16" type="stmt"/>
        <line num="72" count="16" type="cond" truecount="1" falsecount="0"/>
        <line num="73" count="13" type="stmt"/>
        <line num="76" count="16" type="cond" truecount="1" falsecount="0"/>
        <line num="77" count="12" type="stmt"/>
        <line num="80" count="27" type="stmt"/>
        <line num="84" count="178" type="stmt"/>
        <line num="87" count="83" type="stmt"/>
      </file>
    </package>
    <package name="validations">
      <metrics statements="96" coveredstatements="96" conditionals="51" coveredconditionals="51" methods="44" coveredmethods="44"/>
      <file name="calibration-history.validation.ts" path="C:\School\6\PPL\Dev\INVENTUM-BE\src\validations\calibration-history.validation.ts">
        <metrics statements="11" coveredstatements="11" conditionals="10" coveredconditionals="10" methods="7" coveredmethods="7"/>
        <line num="1" count="2" type="stmt"/>
        <line num="2" count="2" type="stmt"/>
        <line num="4" count="2" type="stmt"/>
        <line num="26" count="14" type="stmt"/>
        <line num="36" count="3" type="stmt"/>
        <line num="39" count="2" type="stmt"/>
        <line num="53" count="5" type="cond" truecount="2" falsecount="0"/>
        <line num="59" count="4" type="cond" truecount="2" falsecount="0"/>
        <line num="67" count="4" type="cond" truecount="2" falsecount="0"/>
        <line num="73" count="5" type="cond" truecount="2" falsecount="0"/>
        <line num="79" count="4" type="cond" truecount="2" falsecount="0"/>
      </file>
      <file name="maintenance-history.validation.ts" path="C:\School\6\PPL\Dev\INVENTUM-BE\src\validations\maintenance-history.validation.ts">
        <metrics statements="9" coveredstatements="9" conditionals="8" coveredconditionals="8" methods="5" coveredmethods="5"/>
        <line num="1" count="2" type="stmt"/>
        <line num="2" count="2" type="stmt"/>
        <line num="4" count="2" type="stmt"/>
        <line num="22" count="8" type="stmt"/>
        <line num="25" count="2" type="stmt"/>
        <line num="36" count="5" type="cond" truecount="2" falsecount="0"/>
        <line num="41" count="4" type="cond" truecount="2" falsecount="0"/>
        <line num="46" count="5" type="cond" truecount="2" falsecount="0"/>
        <line num="51" count="4" type="cond" truecount="2" falsecount="0"/>
      </file>
      <file name="medical-equipment.validation.ts" path="C:\School\6\PPL\Dev\INVENTUM-BE\src\validations\medical-equipment.validation.ts">
        <metrics statements="30" coveredstatements="30" conditionals="11" coveredconditionals="11" methods="13" coveredmethods="13"/>
        <line num="1" count="2" type="stmt"/>
        <line num="2" count="2" type="stmt"/>
        <line num="4" count="2" type="stmt"/>
        <line num="23" count="4" type="cond" truecount="3" falsecount="0"/>
        <line num="24" count="1" type="stmt"/>
        <line num="26" count="3" type="stmt"/>
        <line num="35" count="2" type="cond" truecount="1" falsecount="0"/>
        <line num="36" count="1" type="stmt"/>
        <line num="38" count="1" type="stmt"/>
        <line num="52" count="2" type="stmt"/>
        <line num="77" count="3" type="cond" truecount="3" falsecount="0"/>
        <line num="78" count="1" type="stmt"/>
        <line num="80" count="2" type="stmt"/>
        <line num="88" count="2" type="cond" truecount="1" falsecount="0"/>
        <line num="89" count="1" type="stmt"/>
        <line num="91" count="1" type="stmt"/>
        <line num="104" count="2" type="stmt"/>
        <line num="108" count="9" type="cond" truecount="1" falsecount="0"/>
        <line num="109" count="3" type="cond" truecount="2" falsecount="0"/>
        <line num="114" count="8" type="stmt"/>
        <line num="115" count="12" type="stmt"/>
        <line num="124" count="4" type="stmt"/>
        <line num="130" count="3" type="stmt"/>
        <line num="136" count="3" type="stmt"/>
        <line num="142" count="4" type="stmt"/>
        <line num="148" count="3" type="stmt"/>
        <line num="154" count="3" type="stmt"/>
        <line num="158" count="2" type="stmt"/>
        <line num="159" count="2" type="stmt"/>
        <line num="160" count="2" type="stmt"/>
      </file>
      <file name="parts-history.validation.ts" path="C:\School\6\PPL\Dev\INVENTUM-BE\src\validations\parts-history.validation.ts">
        <metrics statements="9" coveredstatements="9" conditionals="8" coveredconditionals="8" methods="5" coveredmethods="5"/>
        <line num="1" count="2" type="stmt"/>
        <line num="2" count="2" type="stmt"/>
        <line num="4" count="2" type="stmt"/>
        <line num="23" count="8" type="stmt"/>
        <line num="26" count="2" type="stmt"/>
        <line num="37" count="5" type="cond" truecount="2" falsecount="0"/>
        <line num="42" count="4" type="cond" truecount="2" falsecount="0"/>
        <line num="47" count="5" type="cond" truecount="2" falsecount="0"/>
        <line num="52" count="4" type="cond" truecount="2" falsecount="0"/>
      </file>
      <file name="request.validation.ts" path="C:\School\6\PPL\Dev\INVENTUM-BE\src\validations\request.validation.ts">
        <metrics statements="2" coveredstatements="2" conditionals="0" coveredconditionals="0" methods="0" coveredmethods="0"/>
        <line num="1" count="1" type="stmt"/>
        <line num="3" count="1" type="stmt"/>
      </file>
      <file name="spareparts.validation.ts" path="C:\School\6\PPL\Dev\INVENTUM-BE\src\validations\spareparts.validation.ts">
        <metrics statements="19" coveredstatements="19" conditionals="8" coveredconditionals="8" methods="4" coveredmethods="4"/>
        <line num="1" count="2" type="stmt"/>
        <line num="3" count="2" type="stmt"/>
        <line num="16" count="3" type="cond" truecount="3" falsecount="0"/>
        <line num="17" count="1" type="stmt"/>
        <line num="19" count="2" type="stmt"/>
        <line num="28" count="3" type="cond" truecount="1" falsecount="0"/>
        <line num="29" count="1" type="stmt"/>
        <line num="31" count="2" type="stmt"/>
        <line num="46" count="2" type="stmt"/>
        <line num="60" count="3" type="cond" truecount="3" falsecount="0"/>
        <line num="61" count="1" type="stmt"/>
        <line num="63" count="2" type="stmt"/>
        <line num="72" count="3" type="cond" truecount="1" falsecount="0"/>
        <line num="73" count="1" type="stmt"/>
        <line num="75" count="2" type="stmt"/>
        <line num="90" count="2" type="stmt"/>
        <line num="135" count="2" type="stmt"/>
        <line num="136" count="2" type="stmt"/>
        <line num="137" count="2" type="stmt"/>
      </file>
      <file name="user.validation.ts" path="C:\School\6\PPL\Dev\INVENTUM-BE\src\validations\user.validation.ts">
        <metrics statements="16" coveredstatements="16" conditionals="6" coveredconditionals="6" methods="10" coveredmethods="10"/>
        <line num="1" count="3" type="stmt"/>
        <line num="2" count="3" type="stmt"/>
        <line num="4" count="3" type="stmt"/>
        <line num="44" count="3" type="stmt"/>
        <line num="80" count="3" type="stmt"/>
        <line num="84" count="4" type="cond" truecount="1" falsecount="0"/>
        <line num="85" count="2" type="cond" truecount="2" falsecount="0"/>
        <line num="90" count="4" type="stmt"/>
        <line num="97" count="4" type="cond" truecount="1" falsecount="0"/>
        <line num="98" count="2" type="cond" truecount="2" falsecount="0"/>
        <line num="102" count="5" type="stmt"/>
        <line num="109" count="2" type="stmt"/>
        <line num="115" count="2" type="stmt"/>
        <line num="121" count="2" type="stmt"/>
        <line num="127" count="2" type="stmt"/>
        <line num="130" count="3" type="stmt"/>
      </file>
    </package>
  </project>
</coverage>
