{
  "C:\\School\\6\\PPL\\Dev\\INVENTUM-BE\\src\\repository\\add-medicalequipment.repository.ts": {
    "path": "C:\\School\\6\\PPL\\Dev\\INVENTUM-BE\\src\\repository\\add-medicalequipment.repository.ts",
    "statementMap": {
      "0": {
        "start": { "line": 1, "column": 0 },
        "end": { "line": 1, "column": 46 }
      },
      "1": {
        "start": { "line": 4, "column": 15 },
        "end": { "line": 4, "column": 33 }
      },
      "2": {
        "start": { "line": 10, "column": 8 },
        "end": { "line": 10, "column": 51 }
      },
      "3": {
        "start": { "line": 14, "column": 8 },
        "end": { "line": 57, "column": 9 }
      },
      "4": {
        "start": { "line": 16, "column": 12 },
        "end": { "line": 18, "column": 13 }
      },
      "5": {
        "start": { "line": 17, "column": 16 },
        "end": { "line": 17, "column": 64 }
      },
      "6": {
        "start": { "line": 21, "column": 12 },
        "end": { "line": 23, "column": 13 }
      },
      "7": {
        "start": { "line": 22, "column": 16 },
        "end": { "line": 22, "column": 75 }
      },
      "8": {
        "start": { "line": 25, "column": 33 },
        "end": { "line": 39, "column": 14 }
      },
      "9": {
        "start": { "line": 41, "column": 12 },
        "end": { "line": 47, "column": 14 }
      },
      "10": {
        "start": { "line": 49, "column": 12 },
        "end": { "line": 55, "column": 13 }
      },
      "11": {
        "start": { "line": 50, "column": 16 },
        "end": { "line": 52, "column": 17 }
      },
      "12": {
        "start": { "line": 51, "column": 20 },
        "end": { "line": 51, "column": 96 }
      },
      "13": {
        "start": { "line": 53, "column": 16 },
        "end": { "line": 53, "column": 74 }
      },
      "14": {
        "start": { "line": 54, "column": 16 },
        "end": { "line": 54, "column": 28 }
      },
      "15": {
        "start": { "line": 56, "column": 12 },
        "end": { "line": 56, "column": 57 }
      },
      "16": {
        "start": { "line": 6, "column": 0 },
        "end": { "line": 6, "column": 13 }
      }
    },
    "fnMap": {
      "0": {
        "name": "(anonymous_7)",
        "decl": {
          "start": { "line": 9, "column": 4 },
          "end": { "line": 9, "column": 16 }
        },
        "loc": {
          "start": { "line": 9, "column": 37 },
          "end": { "line": 11, "column": 5 }
        }
      },
      "1": {
        "name": "(anonymous_8)",
        "decl": {
          "start": { "line": 13, "column": 10 },
          "end": { "line": 13, "column": 32 }
        },
        "loc": {
          "start": { "line": 13, "column": 61 },
          "end": { "line": 58, "column": null }
        }
      }
    },
    "branchMap": {
      "0": {
        "loc": {
          "start": { "line": 10, "column": 22 },
          "end": { "line": 10, "column": 50 }
        },
        "type": "binary-expr",
        "locations": [
          {
            "start": { "line": 10, "column": 22 },
            "end": { "line": 10, "column": 28 }
          },
          {
            "start": { "line": 10, "column": 32 },
            "end": { "line": 10, "column": 50 }
          }
        ]
      },
      "1": {
        "loc": {
          "start": { "line": 16, "column": 12 },
          "end": { "line": 18, "column": 13 }
        },
        "type": "if",
        "locations": [
          {
            "start": { "line": 16, "column": 12 },
            "end": { "line": 18, "column": 13 }
          }
        ]
      },
      "2": {
        "loc": {
          "start": { "line": 16, "column": 16 },
          "end": { "line": 16, "column": 69 }
        },
        "type": "binary-expr",
        "locations": [
          {
            "start": { "line": 16, "column": 16 },
            "end": { "line": 16, "column": 34 }
          },
          {
            "start": { "line": 16, "column": 38 },
            "end": { "line": 16, "column": 69 }
          }
        ]
      },
      "3": {
        "loc": {
          "start": { "line": 21, "column": 12 },
          "end": { "line": 23, "column": 13 }
        },
        "type": "if",
        "locations": [
          {
            "start": { "line": 21, "column": 12 },
            "end": { "line": 23, "column": 13 }
          }
        ]
      },
      "4": {
        "loc": {
          "start": { "line": 21, "column": 16 },
          "end": { "line": 21, "column": 74 }
        },
        "type": "binary-expr",
        "locations": [
          {
            "start": { "line": 21, "column": 16 },
            "end": { "line": 21, "column": 48 }
          },
          {
            "start": { "line": 21, "column": 52 },
            "end": { "line": 21, "column": 74 }
          }
        ]
      },
      "5": {
        "loc": {
          "start": { "line": 29, "column": 31 },
          "end": { "line": 29, "column": 53 }
        },
        "type": "cond-expr",
        "locations": [
          {
            "start": { "line": 29, "column": 45 },
            "end": { "line": 29, "column": 49 }
          },
          {
            "start": { "line": 29, "column": 49 },
            "end": { "line": 29, "column": 53 }
          }
        ]
      },
      "6": {
        "loc": {
          "start": { "line": 29, "column": 31 },
          "end": { "line": 29, "column": 49 }
        },
        "type": "binary-expr",
        "locations": [
          {
            "start": { "line": 29, "column": 31 },
            "end": { "line": 29, "column": 49 }
          },
          {
            "start": { "line": 29, "column": 45 },
            "end": { "line": 29, "column": 49 }
          }
        ]
      },
      "7": {
        "loc": {
          "start": { "line": 30, "column": 31 },
          "end": { "line": 30, "column": 53 }
        },
        "type": "cond-expr",
        "locations": [
          {
            "start": { "line": 30, "column": 45 },
            "end": { "line": 30, "column": 49 }
          },
          {
            "start": { "line": 30, "column": 49 },
            "end": { "line": 30, "column": 53 }
          }
        ]
      },
      "8": {
        "loc": {
          "start": { "line": 30, "column": 31 },
          "end": { "line": 30, "column": 49 }
        },
        "type": "binary-expr",
        "locations": [
          {
            "start": { "line": 30, "column": 31 },
            "end": { "line": 30, "column": 49 }
          },
          {
            "start": { "line": 30, "column": 45 },
            "end": { "line": 30, "column": 49 }
          }
        ]
      },
      "9": {
        "loc": {
          "start": { "line": 31, "column": 34 },
          "end": { "line": 31, "column": 59 }
        },
        "type": "cond-expr",
        "locations": [
          {
            "start": { "line": 31, "column": 51 },
            "end": { "line": 31, "column": 55 }
          },
          {
            "start": { "line": 31, "column": 55 },
            "end": { "line": 31, "column": 59 }
          }
        ]
      },
      "10": {
        "loc": {
          "start": { "line": 31, "column": 34 },
          "end": { "line": 31, "column": 55 }
        },
        "type": "binary-expr",
        "locations": [
          {
            "start": { "line": 31, "column": 34 },
            "end": { "line": 31, "column": 55 }
          },
          {
            "start": { "line": 31, "column": 51 },
            "end": { "line": 31, "column": 55 }
          }
        ]
      },
      "11": {
        "loc": {
          "start": { "line": 32, "column": 35 },
          "end": { "line": 32, "column": 61 }
        },
        "type": "cond-expr",
        "locations": [
          {
            "start": { "line": 32, "column": 53 },
            "end": { "line": 32, "column": 57 }
          },
          {
            "start": { "line": 32, "column": 57 },
            "end": { "line": 32, "column": 61 }
          }
        ]
      },
      "12": {
        "loc": {
          "start": { "line": 32, "column": 35 },
          "end": { "line": 32, "column": 57 }
        },
        "type": "binary-expr",
        "locations": [
          {
            "start": { "line": 32, "column": 35 },
            "end": { "line": 32, "column": 57 }
          },
          {
            "start": { "line": 32, "column": 53 },
            "end": { "line": 32, "column": 57 }
          }
        ]
      },
      "13": {
        "loc": {
          "start": { "line": 33, "column": 28 },
          "end": { "line": 33, "column": 51 }
        },
        "type": "cond-expr",
        "locations": [
          {
            "start": { "line": 33, "column": 39 },
            "end": { "line": 33, "column": 43 }
          },
          {
            "start": { "line": 33, "column": 43 },
            "end": { "line": 33, "column": 51 }
          }
        ]
      },
      "14": {
        "loc": {
          "start": { "line": 33, "column": 28 },
          "end": { "line": 33, "column": 43 }
        },
        "type": "binary-expr",
        "locations": [
          {
            "start": { "line": 33, "column": 28 },
            "end": { "line": 33, "column": 43 }
          },
          {
            "start": { "line": 33, "column": 39 },
            "end": { "line": 33, "column": 43 }
          }
        ]
      },
      "15": {
        "loc": {
          "start": { "line": 34, "column": 28 },
          "end": { "line": 34, "column": 47 }
        },
        "type": "cond-expr",
        "locations": [
          {
            "start": { "line": 34, "column": 39 },
            "end": { "line": 34, "column": 43 }
          },
          {
            "start": { "line": 34, "column": 43 },
            "end": { "line": 34, "column": 47 }
          }
        ]
      },
      "16": {
        "loc": {
          "start": { "line": 34, "column": 28 },
          "end": { "line": 34, "column": 43 }
        },
        "type": "binary-expr",
        "locations": [
          {
            "start": { "line": 34, "column": 28 },
            "end": { "line": 34, "column": 43 }
          },
          {
            "start": { "line": 34, "column": 39 },
            "end": { "line": 34, "column": 43 }
          }
        ]
      },
      "17": {
        "loc": {
          "start": { "line": 42, "column": 20 },
          "end": { "line": 42, "column": 69 }
        },
        "type": "cond-expr",
        "locations": [
          {
            "start": { "line": 42, "column": 38 },
            "end": { "line": 42, "column": 64 }
          },
          {
            "start": { "line": 42, "column": 67 },
            "end": { "line": 42, "column": 69 }
          }
        ]
      },
      "18": {
        "loc": {
          "start": { "line": 45, "column": 27 },
          "end": { "line": 45, "column": 62 }
        },
        "type": "cond-expr",
        "locations": [
          {
            "start": { "line": 45, "column": 49 },
            "end": { "line": 45, "column": 53 }
          },
          {
            "start": { "line": 45, "column": 53 },
            "end": { "line": 45, "column": 62 }
          }
        ]
      },
      "19": {
        "loc": {
          "start": { "line": 45, "column": 27 },
          "end": { "line": 45, "column": 53 }
        },
        "type": "binary-expr",
        "locations": [
          {
            "start": { "line": 45, "column": 27 },
            "end": { "line": 45, "column": 53 }
          },
          {
            "start": { "line": 45, "column": 49 },
            "end": { "line": 45, "column": 53 }
          }
        ]
      },
      "20": {
        "loc": {
          "start": { "line": 46, "column": 27 },
          "end": { "line": 46, "column": 62 }
        },
        "type": "cond-expr",
        "locations": [
          {
            "start": { "line": 46, "column": 49 },
            "end": { "line": 46, "column": 53 }
          },
          {
            "start": { "line": 46, "column": 53 },
            "end": { "line": 46, "column": 62 }
          }
        ]
      },
      "21": {
        "loc": {
          "start": { "line": 46, "column": 27 },
          "end": { "line": 46, "column": 53 }
        },
        "type": "binary-expr",
        "locations": [
          {
            "start": { "line": 46, "column": 27 },
            "end": { "line": 46, "column": 53 }
          },
          {
            "start": { "line": 46, "column": 49 },
            "end": { "line": 46, "column": 53 }
          }
        ]
      },
      "22": {
        "loc": {
          "start": { "line": 49, "column": 12 },
          "end": { "line": 55, "column": 13 }
        },
        "type": "if",
        "locations": [
          {
            "start": { "line": 49, "column": 12 },
            "end": { "line": 55, "column": 13 }
          }
        ]
      },
      "23": {
        "loc": {
          "start": { "line": 50, "column": 16 },
          "end": { "line": 52, "column": 17 }
        },
        "type": "if",
        "locations": [
          {
            "start": { "line": 50, "column": 16 },
            "end": { "line": 52, "column": 17 }
          }
        ]
      }
    },
    "s": {
      "0": 1,
      "1": 1,
      "2": 1,
      "3": 6,
      "4": 6,
      "5": 1,
      "6": 5,
      "7": 1,
      "8": 4,
      "9": 4,
      "10": 6,
      "11": 6,
      "12": 0,
      "13": 6,
      "14": 6,
      "15": 0,
      "16": 1
    },
    "f": { "0": 1, "1": 6 },
    "b": {
      "0": [1, 1],
      "1": [1],
      "2": [6, 5],
      "3": [1],
      "4": [5, 3],
      "5": [2, 2],
      "6": [4, 4],
      "7": [2, 2],
      "8": [4, 4],
      "9": [2, 2],
      "10": [4, 4],
      "11": [2, 2],
      "12": [4, 4],
      "13": [2, 2],
      "14": [4, 4],
      "15": [2, 2],
      "16": [4, 4],
      "17": [0, 0],
      "18": [0, 0],
      "19": [0, 0],
      "20": [0, 0],
      "21": [0, 0],
      "22": [6],
      "23": [0]
    }
  }
}
