TN:
SF:src\configs\db.config.ts
FN:8,(anonymous_0)
FNF:1
FNH:1
FNDA:75,(anonymous_0)
DA:1,75
DA:9,75
DA:10,75
DA:12,75
DA:15,75
DA:16,75
LF:6
LH:6
BRDA:9,0,0,75
BRF:1
BRH:1
end_of_record
TN:
SF:src\controllers\auth.controller.ts
FN:7,(anonymous_8)
FN:11,(anonymous_9)
FN:15,(anonymous_10)
FN:37,(anonymous_11)
FNF:4
FNH:4
FNDA:8,(anonymous_8)
FNDA:5,(anonymous_9)
FNDA:5,(anonymous_10)
FNDA:2,(anonymous_11)
DA:2,2
DA:8,8
DA:11,8
DA:15,5
DA:16,5
DA:17,5
DA:19,5
DA:20,3
DA:26,5
DA:28,4
DA:33,1
DA:37,8
DA:42,2
DA:43,2
DA:48,1
DA:53,2
LF:16
LH:16
BRDA:19,0,0,3
BRDA:19,1,0,5
BRDA:19,1,1,3
BRF:3
BRH:3
end_of_record
TN:
SF:src\controllers\calibration-history.controller.ts
FN:10,(anonymous_8)
FN:14,(anonymous_9)
FN:18,(anonymous_10)
FN:57,(anonymous_11)
FN:61,(anonymous_12)
FNF:5
FNH:5
FNDA:18,(anonymous_8)
FNDA:8,(anonymous_9)
FNDA:8,(anonymous_10)
FNDA:15,(anonymous_11)
FNDA:15,(anonymous_12)
DA:2,3
DA:11,18
DA:14,18
DA:18,8
DA:19,8
DA:20,8
DA:28,8
DA:30,8
DA:44,7
DA:48,6
DA:53,2
DA:57,18
DA:61,15
DA:62,15
DA:63,15
DA:64,15
DA:66,15
DA:67,15
DA:71,15
DA:76,15
DA:82,15
DA:88,14
DA:90,1
DA:95,3
LF:24
LH:24
BRDA:38,0,0,7
BRDA:38,0,1,1
BRDA:66,1,0,4
BRDA:66,1,1,11
BRDA:67,2,0,4
BRDA:67,2,1,11
BRDA:72,3,0,13
BRDA:72,3,1,2
BRDA:73,4,0,13
BRDA:73,4,1,2
BRF:10
BRH:10
end_of_record
TN:
SF:src\controllers\comment.controller.ts
FN:8,(anonymous_8)
FN:12,(anonymous_9)
FN:16,(anonymous_10)
FN:46,(anonymous_11)
FN:50,(anonymous_12)
FN:75,(anonymous_13)
FN:79,(anonymous_14)
FNF:7
FNH:7
FNDA:10,(anonymous_8)
FNDA:3,(anonymous_9)
FNDA:3,(anonymous_10)
FNDA:4,(anonymous_11)
FNDA:4,(anonymous_12)
FNDA:2,(anonymous_13)
FNDA:2,(anonymous_14)
DA:2,2
DA:9,10
DA:12,10
DA:16,3
DA:17,3
DA:18,3
DA:20,3
DA:21,1
DA:25,1
DA:28,2
DA:34,2
DA:36,1
DA:42,1
DA:46,10
DA:50,4
DA:51,4
DA:52,4
DA:54,4
DA:55,2
DA:59,2
DA:63,2
DA:65,1
DA:71,1
DA:75,10
DA:79,2
DA:80,2
DA:81,2
DA:83,1
DA:89,1
DA:94,2
LF:30
LH:30
BRDA:20,0,0,1
BRDA:54,1,0,2
BRF:2
BRH:2
end_of_record
TN:
SF:src\controllers\division.controller.ts
FN:8,(anonymous_8)
FN:12,(anonymous_9)
FN:16,(anonymous_10)
FN:44,(anonymous_11)
FN:48,(anonymous_12)
FN:57,(anonymous_13)
FN:61,(anonymous_14)
FN:70,(anonymous_15)
FN:74,(anonymous_16)
FN:83,(anonymous_17)
FN:87,(anonymous_18)
FN:115,(anonymous_19)
FN:119,(anonymous_20)
FN:180,(anonymous_21)
FN:184,(anonymous_22)
FNF:15
FNH:15
FNDA:25,(anonymous_8)
FNDA:5,(anonymous_9)
FNDA:5,(anonymous_10)
FNDA:2,(anonymous_11)
FNDA:2,(anonymous_12)
FNDA:2,(anonymous_13)
FNDA:2,(anonymous_14)
FNDA:2,(anonymous_15)
FNDA:2,(anonymous_16)
FNDA:4,(anonymous_17)
FNDA:4,(anonymous_18)
FNDA:5,(anonymous_19)
FNDA:5,(anonymous_20)
FNDA:4,(anonymous_21)
FNDA:4,(anonymous_22)
DA:3,5
DA:9,25
DA:12,25
DA:16,5
DA:17,5
DA:18,5
DA:20,5
DA:25,1
DA:29,1
DA:32,4
DA:37,4
DA:38,3
DA:40,1
DA:44,25
DA:48,2
DA:49,2
DA:50,2
DA:51,1
DA:53,1
DA:57,25
DA:61,2
DA:62,2
DA:63,2
DA:64,1
DA:66,1
DA:70,25
DA:74,2
DA:75,2
DA:76,2
DA:77,1
DA:79,1
DA:83,25
DA:87,4
DA:88,4
DA:89,4
DA:91,4
DA:92,1
DA:96,1
DA:99,3
DA:101,2
DA:102,1
DA:106,1
DA:109,1
DA:111,1
DA:115,25
DA:119,5
DA:120,5
DA:121,5
DA:123,5
DA:124,1
DA:128,1
DA:131,4
DA:134,4
DA:135,1
DA:139,1
DA:143,3
DA:144,3
DA:145,2
DA:148,2
DA:153,1
DA:157,1
DA:161,2
DA:165,2
DA:170,1
DA:176,1
DA:180,25
DA:184,4
DA:185,4
DA:186,4
DA:188,4
DA:189,1
DA:193,1
DA:196,3
DA:198,2
DA:199,1
DA:204,1
DA:210,1
DA:215,5
LF:78
LH:78
BRDA:20,0,0,1
BRDA:21,1,0,5
BRDA:21,1,1,3
BRDA:21,1,2,2
BRDA:34,2,0,1
BRDA:34,2,1,3
BRDA:34,3,0,4
BRDA:34,3,1,3
BRDA:91,4,0,1
BRDA:101,5,0,1
BRDA:123,6,0,1
BRDA:134,7,0,1
BRDA:134,8,0,4
BRDA:134,8,1,2
BRDA:144,9,0,2
BRDA:145,10,0,1
BRDA:145,10,1,1
BRDA:148,11,0,1
BRDA:149,12,0,2
BRDA:149,12,1,1
BRDA:149,12,2,1
BRDA:188,13,0,1
BRDA:198,14,0,1
BRDA:198,14,1,1
BRF:24
BRH:24
end_of_record
TN:
SF:src\controllers\maintenance-history.controller.ts
FN:10,(anonymous_8)
FN:14,(anonymous_9)
FN:18,(anonymous_10)
FN:42,(anonymous_11)
FN:46,(anonymous_12)
FNF:5
FNH:5
FNDA:15,(anonymous_8)
FNDA:4,(anonymous_9)
FNDA:4,(anonymous_10)
FNDA:10,(anonymous_11)
FNDA:10,(anonymous_12)
DA:2,3
DA:11,15
DA:14,15
DA:18,4
DA:19,4
DA:20,4
DA:22,4
DA:29,3
DA:33,2
DA:38,2
DA:42,15
DA:46,10
DA:47,10
DA:48,10
DA:49,10
DA:50,10
DA:51,10
DA:55,10
DA:60,10
DA:66,10
DA:72,9
DA:74,1
DA:79,3
LF:23
LH:23
BRDA:50,0,0,4
BRDA:50,0,1,6
BRDA:51,1,0,4
BRDA:51,1,1,6
BRDA:56,2,0,8
BRDA:56,2,1,2
BRDA:57,3,0,8
BRDA:57,3,1,2
BRF:8
BRH:8
end_of_record
TN:
SF:src\controllers\medical-equipment.controller.ts
FN:13,(anonymous_8)
FN:17,(anonymous_9)
FN:21,(anonymous_10)
FN:39,(anonymous_11)
FN:43,(anonymous_12)
FN:74,(anonymous_13)
FN:78,(anonymous_14)
FN:105,(anonymous_15)
FN:109,(anonymous_16)
FN:133,(anonymous_17)
FN:137,(anonymous_18)
FNF:11
FNH:11
FNDA:20,(anonymous_8)
FNDA:2,(anonymous_9)
FNDA:2,(anonymous_10)
FNDA:3,(anonymous_11)
FNDA:3,(anonymous_12)
FNDA:8,(anonymous_13)
FNDA:8,(anonymous_14)
FNDA:3,(anonymous_15)
FNDA:3,(anonymous_16)
FNDA:3,(anonymous_17)
FNDA:3,(anonymous_18)
DA:2,5
DA:14,20
DA:17,20
DA:21,2
DA:22,2
DA:23,2
DA:29,2
DA:30,1
DA:35,1
DA:39,20
DA:43,3
DA:44,3
DA:45,3
DA:46,3
DA:52,3
DA:57,2
DA:58,1
DA:62,1
DA:65,1
DA:70,1
DA:74,20
DA:78,8
DA:79,8
DA:80,8
DA:81,8
DA:85,8
DA:90,8
DA:91,8
DA:93,8
DA:99,7
DA:101,1
DA:105,20
DA:109,3
DA:110,3
DA:112,3
DA:116,2
DA:117,1
DA:121,1
DA:124,1
DA:129,1
DA:133,20
DA:137,3
DA:138,3
DA:139,3
DA:141,3
DA:146,2
DA:147,1
DA:151,1
DA:154,1
DA:159,1
DA:164,5
LF:51
LH:51
BRDA:57,0,0,1
BRDA:80,1,0,3
BRDA:80,1,1,5
BRDA:81,2,0,3
BRDA:81,2,1,5
BRDA:86,3,0,6
BRDA:86,3,1,2
BRDA:87,4,0,6
BRDA:87,4,1,2
BRDA:116,5,0,1
BRDA:146,6,0,1
BRF:11
BRH:11
end_of_record
TN:
SF:src\controllers\parts-history.controller.ts
FN:10,(anonymous_8)
FN:14,(anonymous_9)
FN:18,(anonymous_10)
FN:40,(anonymous_11)
FN:44,(anonymous_12)
FNF:5
FNH:5
FNDA:10,(anonymous_8)
FNDA:3,(anonymous_9)
FNDA:3,(anonymous_10)
FNDA:6,(anonymous_11)
FNDA:6,(anonymous_12)
DA:2,3
DA:11,10
DA:14,10
DA:18,3
DA:19,3
DA:20,3
DA:22,3
DA:29,2
DA:31,1
DA:36,2
DA:40,10
DA:44,6
DA:45,6
DA:46,6
DA:47,6
DA:48,6
DA:49,6
DA:53,6
DA:58,6
DA:63,6
DA:69,5
DA:71,1
DA:76,3
LF:23
LH:23
BRDA:48,0,0,3
BRDA:48,0,1,3
BRDA:49,1,0,3
BRDA:49,1,1,3
BRDA:54,2,0,4
BRDA:54,2,1,2
BRDA:55,3,0,4
BRDA:55,3,1,2
BRF:8
BRH:8
end_of_record
TN:
SF:src\controllers\report.controller.ts
FN:7,(anonymous_8)
FN:11,(anonymous_9)
FN:15,(anonymous_10)
FNF:3
FNH:3
FNDA:7,(anonymous_8)
FNDA:6,(anonymous_9)
FNDA:6,(anonymous_10)
DA:2,2
DA:4,2
DA:8,7
DA:11,7
DA:15,6
DA:16,6
DA:17,6
DA:19,4
DA:25,2
DA:30,2
LF:10
LH:10
BRF:0
BRH:0
end_of_record
TN:
SF:src\controllers\request.controller.ts
FN:10,(anonymous_8)
FN:14,(anonymous_9)
FN:18,(anonymous_10)
FN:42,(anonymous_11)
FN:46,(anonymous_12)
FN:73,(anonymous_13)
FN:77,(anonymous_14)
FN:104,(anonymous_15)
FN:108,(anonymous_16)
FN:135,(anonymous_17)
FN:139,(anonymous_18)
FN:161,(anonymous_19)
FN:165,(anonymous_20)
FN:187,(anonymous_21)
FN:191,(anonymous_22)
FNF:15
FNH:15
FNDA:33,(anonymous_8)
FNDA:4,(anonymous_9)
FNDA:4,(anonymous_10)
FNDA:5,(anonymous_11)
FNDA:5,(anonymous_12)
FNDA:5,(anonymous_13)
FNDA:5,(anonymous_14)
FNDA:6,(anonymous_15)
FNDA:6,(anonymous_16)
FNDA:2,(anonymous_17)
FNDA:2,(anonymous_18)
FNDA:2,(anonymous_19)
FNDA:2,(anonymous_20)
FNDA:8,(anonymous_21)
FNDA:8,(anonymous_22)
DA:2,4
DA:7,4
DA:11,33
DA:14,33
DA:18,4
DA:19,4
DA:20,4
DA:22,4
DA:23,2
DA:27,2
DA:30,2
DA:32,1
DA:38,1
DA:42,33
DA:46,5
DA:47,5
DA:48,5
DA:49,5
DA:53,5
DA:58,5
DA:59,5
DA:61,5
DA:67,4
DA:69,1
DA:73,33
DA:77,5
DA:78,5
DA:79,5
DA:80,5
DA:84,5
DA:89,5
DA:90,5
DA:92,5
DA:98,4
DA:100,1
DA:104,33
DA:108,6
DA:109,6
DA:110,6
DA:111,6
DA:115,6
DA:120,6
DA:121,6
DA:123,6
DA:129,5
DA:131,1
DA:135,33
DA:139,2
DA:140,2
DA:141,2
DA:143,2
DA:150,2
DA:152,1
DA:157,1
DA:161,33
DA:165,2
DA:166,2
DA:167,2
DA:169,2
DA:176,2
DA:178,1
DA:183,1
DA:187,33
DA:191,8
DA:192,8
DA:193,8
DA:194,8
DA:196,8
DA:197,3
DA:201,3
DA:204,5
DA:206,1
DA:212,4
DA:217,4
LF:74
LH:74
BRDA:22,0,0,2
BRDA:48,1,0,3
BRDA:48,1,1,2
BRDA:49,2,0,3
BRDA:49,2,1,2
BRDA:54,3,0,3
BRDA:54,3,1,2
BRDA:55,4,0,3
BRDA:55,4,1,2
BRDA:79,5,0,3
BRDA:79,5,1,2
BRDA:80,6,0,3
BRDA:80,6,1,2
BRDA:85,7,0,4
BRDA:85,7,1,1
BRDA:86,8,0,4
BRDA:86,8,1,1
BRDA:110,9,0,2
BRDA:110,9,1,4
BRDA:111,10,0,2
BRDA:111,10,1,4
BRDA:116,11,0,5
BRDA:116,11,1,1
BRDA:117,12,0,5
BRDA:117,12,1,1
BRDA:196,13,0,3
BRF:26
BRH:26
end_of_record
TN:
SF:src\controllers\sparepart.controller.ts
FN:10,(anonymous_8)
FN:14,(anonymous_9)
FN:18,(anonymous_10)
FN:38,(anonymous_11)
FN:42,(anonymous_12)
FN:69,(anonymous_13)
FN:73,(anonymous_14)
FN:96,(anonymous_15)
FN:100,(anonymous_16)
FN:130,(anonymous_17)
FN:134,(anonymous_18)
FNF:11
FNH:11
FNDA:22,(anonymous_8)
FNDA:3,(anonymous_9)
FNDA:3,(anonymous_10)
FNDA:8,(anonymous_11)
FNDA:8,(anonymous_12)
FNDA:3,(anonymous_13)
FNDA:3,(anonymous_14)
FNDA:4,(anonymous_15)
FNDA:4,(anonymous_16)
FNDA:3,(anonymous_17)
FNDA:3,(anonymous_18)
DA:2,5
DA:11,22
DA:14,22
DA:18,3
DA:19,3
DA:20,3
DA:24,3
DA:25,1
DA:28,3
DA:29,2
DA:34,1
DA:38,22
DA:42,8
DA:43,8
DA:44,8
DA:45,8
DA:49,8
DA:54,8
DA:55,8
DA:57,8
DA:63,7
DA:65,1
DA:69,22
DA:73,3
DA:74,3
DA:75,3
DA:79,2
DA:80,1
DA:84,1
DA:87,1
DA:92,1
DA:96,22
DA:100,4
DA:101,4
DA:102,4
DA:103,4
DA:107,4
DA:108,1
DA:110,4
DA:114,3
DA:115,1
DA:119,1
DA:121,2
DA:126,1
DA:130,22
DA:134,3
DA:135,3
DA:136,3
DA:138,3
DA:143,2
DA:144,1
DA:148,1
DA:151,1
DA:156,1
DA:161,5
LF:55
LH:55
BRDA:24,0,0,1
BRDA:44,1,0,3
BRDA:44,1,1,5
BRDA:45,2,0,3
BRDA:45,2,1,5
BRDA:50,3,0,6
BRDA:50,3,1,2
BRDA:51,4,0,6
BRDA:51,4,1,2
BRDA:79,5,0,1
BRDA:107,6,0,1
BRDA:114,7,0,1
BRDA:143,8,0,1
BRF:13
BRH:13
end_of_record
TN:
SF:src\controllers\user.controller.ts
FN:10,(anonymous_8)
FN:14,(anonymous_9)
FN:18,(anonymous_10)
FN:36,(anonymous_11)
FN:40,(anonymous_12)
FN:67,(anonymous_13)
FN:71,(anonymous_14)
FN:86,(anonymous_15)
FN:90,(anonymous_16)
FN:116,(anonymous_17)
FN:120,(anonymous_18)
FNF:11
FNH:11
FNDA:21,(anonymous_8)
FNDA:2,(anonymous_9)
FNDA:2,(anonymous_10)
FNDA:8,(anonymous_11)
FNDA:8,(anonymous_12)
FNDA:3,(anonymous_13)
FNDA:3,(anonymous_14)
FNDA:3,(anonymous_15)
FNDA:3,(anonymous_16)
FNDA:3,(anonymous_17)
FNDA:3,(anonymous_18)
DA:2,6
DA:11,21
DA:14,21
DA:18,2
DA:19,2
DA:20,2
DA:25,2
DA:27,1
DA:32,1
DA:36,21
DA:40,8
DA:41,8
DA:42,8
DA:43,8
DA:47,8
DA:52,8
DA:53,8
DA:55,8
DA:61,7
DA:63,1
DA:67,21
DA:71,3
DA:72,3
DA:73,3
DA:75,2
DA:76,1
DA:77,1
DA:80,1
DA:82,1
DA:86,21
DA:90,3
DA:91,3
DA:92,3
DA:94,3
DA:100,2
DA:101,1
DA:104,1
DA:107,1
DA:112,1
DA:116,21
DA:120,3
DA:121,3
DA:122,3
DA:123,3
DA:125,3
DA:126,2
DA:127,1
DA:128,1
DA:130,1
DA:132,1
DA:137,6
LF:51
LH:51
BRDA:42,0,0,3
BRDA:42,0,1,5
BRDA:43,1,0,3
BRDA:43,1,1,5
BRDA:48,2,0,6
BRDA:48,2,1,2
BRDA:49,3,0,6
BRDA:49,3,1,2
BRDA:75,4,0,1
BRDA:100,5,0,1
BRDA:126,6,0,1
BRF:11
BRH:11
end_of_record
TN:
SF:src\middleware\authorizeRole.ts
FN:3,(anonymous_0)
FN:4,(anonymous_1)
FNF:2
FNH:2
FNDA:16,(anonymous_0)
FNDA:5,(anonymous_1)
DA:3,3
DA:4,16
DA:5,5
DA:7,5
DA:8,2
DA:11,2
DA:14,3
DA:18,3
LF:8
LH:8
BRDA:7,0,0,2
BRDA:7,1,0,5
BRDA:7,1,1,4
BRF:3
BRH:3
end_of_record
TN:
SF:src\middleware\rateLimiter.ts
FN:7,(anonymous_1)
FNF:1
FNH:1
FNDA:2,(anonymous_1)
DA:1,2
DA:4,2
DA:8,2
DA:20,2
LF:4
LH:4
BRDA:8,0,0,1
BRDA:8,0,1,1
BRDA:8,1,0,2
BRDA:8,1,1,2
BRF:4
BRH:4
end_of_record
TN:
SF:src\middleware\validateRequest.ts
FN:4,(anonymous_0)
FNF:1
FNH:1
FNDA:2,(anonymous_0)
DA:2,3
DA:4,3
DA:9,2
DA:11,2
DA:12,1
DA:13,1
DA:18,1
DA:21,1
LF:8
LH:8
BRDA:11,0,0,1
BRF:1
BRH:1
end_of_record
TN:
SF:src\middleware\verifyToken.ts
FN:10,(anonymous_1)
FNF:1
FNH:1
FNDA:4,(anonymous_1)
DA:2,3
DA:10,3
DA:11,4
DA:12,4
DA:14,4
DA:15,1
DA:16,1
DA:19,3
DA:21,3
DA:22,1
DA:23,1
DA:26,2
DA:27,1
DA:28,1
DA:30,1
DA:31,1
DA:35,3
LF:17
LH:17
BRDA:12,0,0,1
BRDA:12,0,1,3
BRDA:12,1,0,4
BRDA:12,1,1,4
BRDA:14,2,0,1
BRDA:21,3,0,1
BRF:6
BRH:6
end_of_record
TN:
SF:src\repository\calibration-history.repository.ts
FN:13,(anonymous_8)
FN:18,(anonymous_9)
FN:46,(anonymous_11)
FNF:3
FNH:3
FNDA:20,(anonymous_8)
FNDA:5,(anonymous_9)
FNDA:14,(anonymous_11)
DA:5,7
DA:6,7
DA:7,7
DA:14,20
DA:15,20
DA:21,5
DA:23,5
DA:43,4
DA:51,14
DA:53,14
DA:56,14
DA:58,14
DA:70,13
DA:74,7
LF:14
LH:14
BRDA:31,0,0,1
BRDA:31,0,1,4
BRDA:31,1,0,5
BRDA:31,1,1,4
BRDA:53,2,0,2
BRDA:53,2,1,12
BRDA:56,3,0,2
BRDA:56,3,1,12
BRF:8
BRH:8
end_of_record
TN:
SF:src\repository\comment.repository.ts
FN:8,(anonymous_8)
FN:12,(anonymous_9)
FN:40,(anonymous_11)
FN:60,(anonymous_13)
FNF:4
FNH:4
FNDA:5,(anonymous_8)
FNDA:2,(anonymous_9)
FNDA:1,(anonymous_11)
FNDA:1,(anonymous_13)
DA:3,4
DA:9,5
DA:13,2
DA:41,1
DA:61,1
DA:79,4
LF:6
LH:6
BRDA:19,0,0,1
BRDA:19,0,1,1
BRF:2
BRH:2
end_of_record
TN:
SF:src\repository\division.repository.ts
FN:8,(anonymous_8)
FN:12,(anonymous_9)
FN:16,(anonymous_11)
FN:23,(anonymous_13)
FN:32,(anonymous_15)
FN:71,(anonymous_17)
FN:85,(anonymous_19)
FN:94,(anonymous_21)
FN:105,(anonymous_23)
FN:111,(anonymous_24)
FN:146,(anonymous_26)
FN:180,(anonymous_28)
FN:187,(anonymous_30)
FN:190,(anonymous_31)
FN:196,(anonymous_32)
FNF:15
FNH:15
FNDA:41,(anonymous_8)
FNDA:2,(anonymous_9)
FNDA:7,(anonymous_11)
FNDA:1,(anonymous_13)
FNDA:6,(anonymous_15)
FNDA:1,(anonymous_17)
FNDA:1,(anonymous_19)
FNDA:1,(anonymous_21)
FNDA:2,(anonymous_23)
FNDA:5,(anonymous_24)
FNDA:9,(anonymous_26)
FNDA:20,(anonymous_28)
FNDA:10,(anonymous_30)
FNDA:10,(anonymous_31)
FNDA:4,(anonymous_32)
DA:1,13
DA:3,13
DA:9,41
DA:13,2
DA:17,7
DA:24,1
DA:34,6
DA:42,6
DA:43,6
DA:46,6
DA:47,12
DA:51,6
DA:52,12
DA:53,12
DA:55,5
DA:56,7
DA:58,6
DA:59,6
DA:65,6
DA:74,1
DA:88,1
DA:97,1
DA:105,2
DA:115,5
DA:116,5
DA:122,4
DA:125,4
DA:127,3
DA:128,1
DA:131,2
DA:132,1
DA:135,1
DA:136,1
DA:140,1
DA:151,9
DA:152,1
DA:155,8
DA:161,8
DA:162,1
DA:165,7
DA:166,2
DA:170,5
DA:171,2
DA:175,3
DA:182,20
DA:187,19
DA:189,19
DA:190,10
DA:193,19
DA:197,4
DA:198,4
DA:200,4
DA:209,2
DA:215,1
DA:218,3
DA:219,3
DA:226,13
LF:57
LH:57
BRDA:53,0,0,5
BRDA:53,0,1,7
BRDA:56,1,0,6
BRDA:122,2,0,3
BRDA:122,2,1,1
BRDA:125,3,0,3
BRDA:127,4,0,1
BRDA:131,5,0,1
BRDA:135,6,0,1
BRDA:151,7,0,1
BRDA:161,8,0,1
BRDA:165,9,0,2
BRDA:170,10,0,2
BRDA:182,11,0,20
BRDA:182,11,1,2
BRDA:218,12,0,2
BRDA:218,12,1,1
BRF:17
BRH:17
end_of_record
TN:
SF:src\repository\maintenance-history.repository.ts
FN:13,(anonymous_8)
FN:18,(anonymous_9)
FN:44,(anonymous_11)
FNF:3
FNH:3
FNDA:21,(anonymous_8)
FNDA:4,(anonymous_9)
FNDA:16,(anonymous_11)
DA:5,7
DA:6,7
DA:7,7
DA:14,21
DA:15,21
DA:21,4
DA:23,4
DA:41,3
DA:49,16
DA:51,16
DA:54,16
DA:56,16
DA:68,15
DA:72,7
LF:14
LH:14
BRDA:51,0,0,1
BRDA:51,0,1,15
BRDA:54,1,0,1
BRDA:54,1,1,15
BRF:4
BRH:4
end_of_record
TN:
SF:src\repository\medical-equipment.repository.ts
FN:16,(anonymous_8)
FN:21,(anonymous_9)
FN:49,(anonymous_11)
FN:76,(anonymous_13)
FN:102,(anonymous_15)
FN:128,(anonymous_17)
FN:139,(anonymous_19)
FN:152,(anonymous_21)
FN:189,(anonymous_23)
FNF:9
FNH:9
FNDA:59,(anonymous_8)
FNDA:3,(anonymous_9)
FNDA:8,(anonymous_11)
FNDA:3,(anonymous_13)
FNDA:3,(anonymous_15)
FNDA:2,(anonymous_17)
FNDA:2,(anonymous_19)
FNDA:3,(anonymous_21)
FNDA:3,(anonymous_23)
DA:6,25
DA:7,25
DA:10,25
DA:17,59
DA:18,59
DA:24,3
DA:25,3
DA:42,2
DA:54,8
DA:56,8
DA:59,8
DA:61,8
DA:73,8
DA:79,3
DA:93,3
DA:95,2
DA:105,3
DA:119,3
DA:121,2
DA:131,2
DA:142,2
DA:156,3
DA:163,3
DA:165,2
DA:182,2
DA:193,3
DA:200,3
DA:202,2
DA:212,25
LF:29
LH:29
BRDA:44,0,0,1
BRDA:44,0,1,1
BRDA:44,1,0,2
BRDA:44,1,1,1
BRDA:45,2,0,1
BRDA:45,2,1,1
BRDA:45,3,0,2
BRDA:45,3,1,1
BRDA:56,4,0,2
BRDA:56,4,1,6
BRDA:59,5,0,2
BRDA:59,5,1,6
BRDA:93,6,0,1
BRDA:97,7,0,1
BRDA:97,7,1,1
BRDA:97,8,0,2
BRDA:97,8,1,1
BRDA:98,9,0,1
BRDA:98,9,1,1
BRDA:98,10,0,2
BRDA:98,10,1,1
BRDA:119,11,0,1
BRDA:123,12,0,1
BRDA:123,12,1,1
BRDA:123,13,0,2
BRDA:123,13,1,1
BRDA:124,14,0,1
BRDA:124,14,1,1
BRDA:124,15,0,2
BRDA:124,15,1,1
BRDA:163,16,0,1
BRDA:184,17,0,1
BRDA:184,17,1,1
BRDA:184,18,0,2
BRDA:184,18,1,1
BRDA:185,19,0,1
BRDA:185,19,1,1
BRDA:185,20,0,2
BRDA:185,20,1,1
BRDA:200,21,0,1
BRF:40
BRH:40
end_of_record
TN:
SF:src\repository\parts-history.repository.ts
FN:13,(anonymous_9)
FN:18,(anonymous_10)
FN:46,(anonymous_12)
FN:77,(anonymous_14)
FNF:4
FNH:4
FNDA:12,(anonymous_9)
FNDA:3,(anonymous_10)
FNDA:8,(anonymous_12)
FNDA:1,(anonymous_14)
DA:5,7
DA:6,7
DA:7,7
DA:14,12
DA:15,12
DA:19,3
DA:21,3
DA:43,2
DA:51,8
DA:53,8
DA:56,8
DA:58,8
DA:77,7
DA:78,1
DA:80,1
DA:86,7
DA:90,7
LF:17
LH:17
BRDA:53,0,0,2
BRDA:53,0,1,6
BRDA:56,1,0,2
BRDA:56,1,1,6
BRF:4
BRH:4
end_of_record
TN:
SF:src\repository\report.repository.ts
FN:11,(anonymous_8)
FN:16,(anonymous_9)
FN:31,(anonymous_11)
FN:50,(anonymous_12)
FNF:4
FNH:4
FNDA:7,(anonymous_8)
FNDA:6,(anonymous_9)
FNDA:14,(anonymous_11)
FNDA:5,(anonymous_12)
DA:2,4
DA:12,7
DA:17,6
DA:29,5
DA:31,5
DA:32,14
DA:34,13
DA:35,13
DA:37,13
DA:42,13
DA:46,12
DA:50,5
DA:57,4
LF:13
LH:13
BRDA:32,0,0,1
BRDA:37,1,0,8
BRDA:37,1,1,5
BRDA:37,2,0,13
BRDA:37,2,1,13
BRDA:42,3,0,12
BRDA:43,4,0,13
BRDA:43,4,1,6
BRF:8
BRH:8
end_of_record
TN:
SF:src\repository\request.repository.ts
FN:13,(anonymous_8)
FN:18,(anonymous_9)
FN:50,(anonymous_11)
FN:101,(anonymous_13)
FN:141,(anonymous_15)
FN:181,(anonymous_17)
FN:193,(anonymous_19)
FNF:7
FNH:7
FNDA:32,(anonymous_8)
FNDA:2,(anonymous_9)
FNDA:7,(anonymous_11)
FNDA:6,(anonymous_13)
FNDA:2,(anonymous_15)
FNDA:6,(anonymous_17)
FNDA:8,(anonymous_19)
DA:2,9
DA:4,9
DA:7,9
DA:14,32
DA:15,32
DA:19,2
DA:47,2
DA:55,7
DA:57,7
DA:60,7
DA:62,7
DA:98,7
DA:106,6
DA:112,6
DA:115,6
DA:117,6
DA:138,6
DA:146,2
DA:152,2
DA:155,2
DA:157,2
DA:178,2
DA:182,6
DA:183,6
DA:194,8
DA:195,8
DA:205,9
LF:27
LH:27
BRDA:57,0,0,2
BRDA:57,0,1,5
BRDA:60,1,0,2
BRDA:60,1,1,5
BRDA:112,2,0,3
BRDA:112,2,1,3
BRDA:115,3,0,3
BRDA:115,3,1,3
BRDA:152,4,0,1
BRDA:152,4,1,1
BRDA:155,5,0,1
BRDA:155,5,1,1
BRF:12
BRH:12
end_of_record
TN:
SF:src\repository\sparepart.repository.ts
FN:13,(anonymous_8)
FN:18,(anonymous_9)
FN:33,(anonymous_11)
FN:60,(anonymous_13)
FN:69,(anonymous_15)
FN:80,(anonymous_17)
FN:102,(anonymous_19)
FNF:7
FNH:7
FNDA:61,(anonymous_8)
FNDA:4,(anonymous_9)
FNDA:13,(anonymous_11)
FNDA:3,(anonymous_13)
FNDA:4,(anonymous_15)
FNDA:4,(anonymous_17)
FNDA:4,(anonymous_19)
DA:3,18
DA:4,18
DA:7,18
DA:14,61
DA:15,61
DA:19,4
DA:20,4
DA:28,3
DA:38,13
DA:40,13
DA:43,13
DA:45,13
DA:57,13
DA:61,3
DA:70,4
DA:84,4
DA:91,4
DA:93,3
DA:106,4
DA:113,4
DA:115,2
DA:125,18
LF:22
LH:22
BRDA:40,0,0,2
BRDA:40,0,1,11
BRDA:43,1,0,2
BRDA:43,1,1,11
BRDA:91,2,0,1
BRDA:113,3,0,2
BRF:6
BRH:6
end_of_record
TN:
SF:src\repository\user.repository.ts
FN:13,(anonymous_8)
FN:18,(anonymous_9)
FN:38,(anonymous_11)
FN:68,(anonymous_13)
FN:89,(anonymous_15)
FN:101,(anonymous_17)
FN:113,(anonymous_19)
FN:125,(anonymous_21)
FN:138,(anonymous_23)
FNF:9
FNH:9
FNDA:39,(anonymous_8)
FNDA:3,(anonymous_9)
FNDA:9,(anonymous_11)
FNDA:5,(anonymous_13)
FNDA:3,(anonymous_15)
FNDA:3,(anonymous_17)
FNDA:3,(anonymous_19)
FNDA:6,(anonymous_21)
FNDA:4,(anonymous_23)
DA:3,16
DA:4,16
DA:7,16
DA:14,39
DA:15,39
DA:19,3
DA:20,3
DA:35,2
DA:43,9
DA:45,9
DA:48,9
DA:50,9
DA:65,9
DA:69,5
DA:79,5
DA:80,2
DA:83,3
DA:90,3
DA:102,3
DA:114,3
DA:129,6
DA:142,4
DA:152,16
LF:23
LH:23
BRDA:45,0,0,4
BRDA:45,0,1,5
BRDA:48,1,0,4
BRDA:48,1,1,5
BRDA:79,2,0,2
BRDA:85,3,0,1
BRDA:85,3,1,2
BRDA:85,4,0,3
BRDA:85,4,1,3
BRDA:85,5,0,2
BRDA:85,5,1,1
BRDA:85,6,0,3
BRDA:85,6,1,2
BRF:13
BRH:13
end_of_record
TN:
SF:src\routes\auth.route.ts
FNF:0
FNH:0
DA:1,1
DA:2,1
DA:3,1
DA:4,1
DA:6,1
DA:7,1
DA:10,1
DA:14,1
LF:8
LH:8
BRF:0
BRH:0
end_of_record
TN:
SF:src\routes\calibration-history.routes.ts
FNF:0
FNH:0
DA:1,1
DA:2,1
DA:3,1
DA:4,1
DA:5,1
DA:6,1
DA:11,1
DA:12,1
DA:15,1
DA:18,1
DA:32,1
LF:11
LH:11
BRF:0
BRH:0
end_of_record
TN:
SF:src\routes\comment.route.ts
FNF:0
FNH:0
DA:1,2
DA:2,2
DA:3,2
DA:4,2
DA:6,2
DA:7,2
DA:10,2
DA:13,2
DA:16,2
DA:19,2
DA:21,2
LF:11
LH:11
BRF:0
BRH:0
end_of_record
TN:
SF:src\routes\division.route.ts
FNF:0
FNH:0
DA:1,2
DA:2,2
DA:3,2
DA:4,2
DA:6,2
DA:7,2
DA:10,2
DA:13,2
DA:22,2
LF:9
LH:9
BRF:0
BRH:0
end_of_record
TN:
SF:src\routes\maintenance-history.route.ts
FNF:0
FNH:0
DA:1,1
DA:2,1
DA:3,1
DA:4,1
DA:5,1
DA:6,1
DA:11,1
DA:12,1
DA:15,1
DA:18,1
DA:32,1
LF:11
LH:11
BRF:0
BRH:0
end_of_record
TN:
SF:src\routes\medical-equipment.route.ts
FNF:0
FNH:0
DA:1,2
DA:2,2
DA:3,2
DA:4,2
DA:9,2
DA:10,2
DA:12,2
DA:13,2
DA:16,2
DA:19,2
DA:41,2
LF:11
LH:11
BRF:0
BRH:0
end_of_record
TN:
SF:src\routes\parts-history.routes.ts
FNF:0
FNH:0
DA:1,1
DA:2,1
DA:3,1
DA:4,1
DA:5,1
DA:6,1
DA:11,1
DA:12,1
DA:15,1
DA:18,1
DA:32,1
LF:11
LH:11
BRF:0
BRH:0
end_of_record
TN:
SF:src\routes\report.route.ts
FNF:0
FNH:0
DA:1,1
DA:2,1
DA:3,1
DA:4,1
DA:6,1
DA:7,1
DA:10,1
DA:13,1
DA:15,1
LF:9
LH:9
BRF:0
BRH:0
end_of_record
TN:
SF:src\routes\request.route.ts
FNF:0
FNH:0
DA:1,2
DA:2,2
DA:3,2
DA:4,2
DA:5,2
DA:6,2
DA:8,2
DA:9,2
DA:12,2
DA:15,2
DA:18,2
DA:21,2
DA:24,2
DA:27,2
DA:35,2
DA:43,2
DA:45,2
LF:17
LH:17
BRF:0
BRH:0
end_of_record
TN:
SF:src\routes\sparepart.route.ts
FN:23,(anonymous_1)
FN:30,(anonymous_2)
FN:49,(anonymous_3)
FNF:3
FNH:3
FNDA:1,(anonymous_1)
FNDA:1,(anonymous_2)
FNDA:2,(anonymous_3)
DA:1,3
DA:2,3
DA:3,3
DA:4,3
DA:9,3
DA:10,3
DA:11,3
DA:12,3
DA:13,3
DA:15,3
DA:16,3
DA:19,3
DA:20,3
DA:22,3
DA:28,1
DA:36,1
DA:37,1
DA:38,1
DA:39,1
DA:44,3
DA:50,2
DA:51,1
DA:52,1
DA:54,1
DA:59,3
DA:62,3
DA:86,3
LF:27
LH:27
BRDA:50,0,0,1
BRF:1
BRH:1
end_of_record
TN:
SF:src\routes\user.route.ts
FNF:0
FNH:0
DA:1,2
DA:2,2
DA:3,2
DA:4,2
DA:9,2
DA:10,2
DA:12,2
DA:13,2
DA:16,2
DA:19,2
DA:26,2
LF:11
LH:11
BRF:0
BRH:0
end_of_record
TN:
SF:src\services\auth.service.ts
FN:9,(anonymous_9)
FN:13,(anonymous_10)
FN:30,(anonymous_12)
FNF:3
FNH:3
FNDA:6,(anonymous_9)
FNDA:5,(anonymous_10)
FNDA:2,(anonymous_12)
DA:1,3
DA:2,3
DA:3,3
DA:10,6
DA:14,5
DA:16,5
DA:17,1
DA:20,4
DA:22,4
DA:23,1
DA:26,3
DA:27,3
DA:31,2
DA:33,2
DA:35,2
DA:36,1
DA:39,1
DA:51,1
DA:55,3
LF:19
LH:19
BRDA:16,0,0,1
BRDA:22,1,0,1
BRDA:35,2,0,1
BRF:3
BRH:3
end_of_record
TN:
SF:src\services\calibration-history.service.ts
FN:16,(anonymous_8)
FN:21,(anonymous_9)
FN:43,(anonymous_11)
FNF:3
FNH:3
FNDA:16,(anonymous_8)
FNDA:5,(anonymous_9)
FNDA:10,(anonymous_11)
DA:8,5
DA:9,5
DA:10,5
DA:17,16
DA:18,16
DA:25,5
DA:29,5
DA:30,1
DA:35,4
DA:37,4
DA:48,10
DA:50,9
DA:54,9
DA:55,1
DA:63,9
DA:70,8
DA:73,8
DA:85,5
LF:18
LH:18
BRDA:29,0,0,1
BRDA:48,1,0,9
BRDA:48,2,0,1
BRDA:48,2,1,9
BRDA:48,3,0,10
BRDA:48,3,1,10
BRDA:54,4,0,1
BRDA:70,5,0,2
BRDA:70,5,1,6
BRDA:77,6,0,2
BRDA:77,6,1,6
BRDA:77,7,0,8
BRDA:77,7,1,8
BRDA:77,8,0,6
BRDA:77,8,1,2
BRDA:77,9,0,8
BRDA:77,9,1,8
BRDA:78,10,0,2
BRDA:78,10,1,6
BRDA:78,11,0,8
BRDA:78,11,1,8
BRDA:78,12,0,6
BRDA:78,12,1,2
BRDA:78,13,0,8
BRDA:78,13,1,8
BRF:25
BRH:25
end_of_record
TN:
SF:src\services\comment.service.ts
FN:8,(anonymous_8)
FN:12,(anonymous_9)
FN:24,(anonymous_11)
FN:37,(anonymous_13)
FNF:4
FNH:4
FNDA:7,(anonymous_8)
FNDA:2,(anonymous_9)
FNDA:2,(anonymous_11)
FNDA:2,(anonymous_13)
DA:2,3
DA:9,7
DA:15,2
DA:16,2
DA:17,1
DA:19,1
DA:20,1
DA:27,2
DA:29,2
DA:30,1
DA:32,1
DA:33,1
DA:38,2
DA:39,2
DA:40,1
DA:42,1
DA:43,1
DA:48,3
LF:18
LH:18
BRF:0
BRH:0
end_of_record
TN:
SF:src\services\division.service.ts
FN:9,(anonymous_8)
FN:13,(anonymous_9)
FN:28,(anonymous_11)
FN:32,(anonymous_13)
FN:36,(anonymous_15)
FN:42,(anonymous_17)
FN:82,(anonymous_19)
FN:107,(anonymous_21)
FN:111,(anonymous_23)
FN:120,(anonymous_25)
FN:122,(anonymous_26)
FNF:11
FNH:11
FNDA:31,(anonymous_8)
FNDA:6,(anonymous_9)
FNDA:2,(anonymous_11)
FNDA:2,(anonymous_13)
FNDA:2,(anonymous_15)
FNDA:8,(anonymous_17)
FNDA:5,(anonymous_19)
FNDA:5,(anonymous_21)
FNDA:3,(anonymous_23)
FNDA:1,(anonymous_25)
FNDA:3,(anonymous_26)
DA:3,9
DA:10,31
DA:14,6
DA:15,3
DA:17,3
DA:20,2
DA:21,1
DA:25,4
DA:29,2
DA:33,2
DA:39,2
DA:46,8
DA:47,8
DA:48,1
DA:52,7
DA:53,5
DA:57,4
DA:59,4
DA:60,4
DA:63,4
DA:64,2
DA:66,1
DA:69,1
DA:73,4
DA:74,4
DA:77,2
DA:78,2
DA:86,5
DA:88,4
DA:89,4
DA:90,1
DA:92,3
DA:93,1
DA:95,2
DA:99,2
DA:100,1
DA:108,5
DA:112,3
DA:123,3
DA:124,2
DA:126,3
DA:130,9
DA:131,9
LF:43
LH:43
BRDA:10,0,0,31
BRDA:10,0,1,9
BRDA:14,1,0,3
BRDA:14,1,1,3
BRDA:14,2,0,6
BRDA:14,2,1,5
BRDA:20,3,0,1
BRDA:47,4,0,1
BRDA:52,5,0,5
BRDA:59,6,0,4
BRDA:63,7,0,2
BRDA:64,8,0,1
BRDA:64,8,1,1
BRDA:77,9,0,1
BRDA:77,9,1,1
BRDA:86,10,0,4
BRDA:89,11,0,1
BRDA:92,12,0,1
BRDA:99,13,0,1
BRDA:123,14,0,2
BRF:20
BRH:20
end_of_record
TN:
SF:src\services\maintenance-history.service.ts
FN:16,(anonymous_8)
FN:21,(anonymous_9)
FN:43,(anonymous_11)
FNF:3
FNH:3
FNDA:17,(anonymous_8)
FNDA:4,(anonymous_9)
FNDA:12,(anonymous_11)
DA:8,5
DA:9,5
DA:10,5
DA:17,17
DA:18,17
DA:25,4
DA:29,4
DA:30,1
DA:35,3
DA:37,3
DA:48,12
DA:50,10
DA:54,10
DA:55,1
DA:62,11
DA:68,10
DA:70,10
DA:82,5
LF:18
LH:18
BRDA:29,0,0,1
BRDA:48,1,0,10
BRDA:48,2,0,2
BRDA:48,2,1,10
BRDA:48,3,0,12
BRDA:48,3,1,12
BRDA:54,4,0,1
BRDA:68,5,0,2
BRDA:68,5,1,8
BRDA:74,6,0,2
BRDA:74,6,1,8
BRDA:74,7,0,10
BRDA:74,7,1,10
BRDA:74,8,0,8
BRDA:74,8,1,2
BRDA:74,9,0,10
BRDA:74,9,1,10
BRDA:75,10,0,2
BRDA:75,10,1,8
BRDA:75,11,0,10
BRDA:75,11,1,10
BRDA:75,12,0,8
BRDA:75,12,1,2
BRDA:75,13,0,10
BRDA:75,13,1,10
BRF:25
BRH:25
end_of_record
TN:
SF:src\services\medical-equipment.service.ts
FN:16,(anonymous_8)
FN:20,(anonymous_9)
FN:49,(anonymous_11)
FN:74,(anonymous_13)
FN:84,(anonymous_15)
FN:107,(anonymous_17)
FNF:6
FNH:6
FNDA:29,(anonymous_8)
FNDA:5,(anonymous_9)
FNDA:8,(anonymous_11)
FNDA:5,(anonymous_13)
FNDA:6,(anonymous_15)
FNDA:5,(anonymous_17)
DA:1,9
DA:11,9
DA:17,29
DA:23,5
DA:28,2
DA:32,3
DA:35,2
DA:36,1
DA:39,1
DA:44,1
DA:55,8
DA:61,7
DA:63,7
DA:77,5
DA:78,2
DA:81,3
DA:88,6
DA:89,2
DA:92,4
DA:93,4
DA:94,1
DA:97,3
DA:101,3
DA:111,5
DA:112,2
DA:115,3
DA:116,3
DA:117,1
DA:120,2
DA:122,2
DA:129,9
LF:31
LH:31
BRDA:23,0,0,2
BRDA:24,1,0,5
BRDA:24,1,1,4
BRDA:24,1,2,4
BRDA:35,2,0,1
BRDA:61,3,0,3
BRDA:61,3,1,4
BRDA:67,4,0,3
BRDA:67,4,1,4
BRDA:67,5,0,7
BRDA:67,5,1,7
BRDA:67,6,0,4
BRDA:67,6,1,3
BRDA:67,7,0,7
BRDA:67,7,1,7
BRDA:68,8,0,3
BRDA:68,8,1,4
BRDA:68,9,0,7
BRDA:68,9,1,7
BRDA:68,10,0,4
BRDA:68,10,1,3
BRDA:68,11,0,7
BRDA:68,11,1,7
BRDA:77,12,0,2
BRDA:77,13,0,5
BRDA:77,13,1,4
BRDA:77,13,2,4
BRDA:88,14,0,2
BRDA:88,15,0,6
BRDA:88,15,1,5
BRDA:88,15,2,5
BRDA:93,16,0,1
BRDA:111,17,0,2
BRDA:111,18,0,5
BRDA:111,18,1,4
BRDA:111,18,2,4
BRDA:116,19,0,1
BRF:37
BRH:37
end_of_record
TN:
SF:src\services\parts-history.service.ts
FN:18,(anonymous_8)
FN:24,(anonymous_9)
FN:56,(anonymous_11)
FNF:3
FNH:3
FNDA:11,(anonymous_8)
FNDA:4,(anonymous_9)
FNDA:6,(anonymous_11)
DA:7,5
DA:8,5
DA:9,5
DA:10,5
DA:19,11
DA:20,11
DA:21,11
DA:28,4
DA:32,4
DA:33,1
DA:38,3
DA:42,3
DA:43,1
DA:48,2
DA:50,2
DA:61,6
DA:63,2
DA:67,2
DA:68,1
DA:74,5
DA:75,1
DA:79,1
DA:80,1
DA:87,4
DA:93,3
DA:95,3
DA:107,5
LF:27
LH:27
BRDA:32,0,0,1
BRDA:42,1,0,1
BRDA:61,2,0,2
BRDA:61,3,0,3
BRDA:61,3,1,3
BRDA:61,4,0,6
BRDA:61,4,1,6
BRDA:67,5,0,1
BRDA:74,6,0,1
BRDA:74,7,0,3
BRDA:74,7,1,2
BRDA:74,8,0,5
BRDA:74,8,1,5
BRDA:79,9,0,1
BRDA:93,10,0,1
BRDA:93,10,1,2
BRDA:99,11,0,1
BRDA:99,11,1,2
BRDA:99,12,0,3
BRDA:99,12,1,3
BRDA:99,13,0,2
BRDA:99,13,1,1
BRDA:99,14,0,3
BRDA:99,14,1,3
BRDA:100,15,0,1
BRDA:100,15,1,2
BRDA:100,16,0,3
BRDA:100,16,1,3
BRDA:100,17,0,2
BRDA:100,17,1,1
BRDA:100,18,0,3
BRDA:100,18,1,3
BRF:32
BRH:32
end_of_record
TN:
SF:src\services\report.service.ts
FN:8,(anonymous_8)
FN:12,(anonymous_9)
FN:25,(anonymous_11)
FN:51,(anonymous_12)
FN:59,(anonymous_13)
FNF:5
FNH:5
FNDA:11,(anonymous_8)
FNDA:10,(anonymous_9)
FNDA:9,(anonymous_11)
FNDA:7,(anonymous_12)
FNDA:66,(anonymous_13)
DA:2,3
DA:3,3
DA:9,11
DA:16,10
DA:17,9
DA:19,6
DA:28,9
DA:29,3
DA:34,6
DA:35,6
DA:38,6
DA:39,72
DA:40,72
DA:41,72
DA:43,72
DA:51,6
DA:52,7
DA:53,6
DA:54,6
DA:59,6
DA:60,66
DA:65,3
LF:22
LH:22
BRDA:28,0,0,3
BRDA:52,1,0,6
BRDA:53,2,0,4
BRDA:53,2,1,2
BRDA:53,3,0,6
BRDA:53,3,1,5
BRDA:54,4,0,4
BRDA:54,4,1,2
BRDA:54,5,0,6
BRDA:54,5,1,5
BRF:10
BRH:10
end_of_record
TN:
SF:src\services\request.service.ts
FN:12,(anonymous_8)
FN:16,(anonymous_9)
FN:35,(anonymous_11)
FN:61,(anonymous_13)
FN:88,(anonymous_15)
FN:115,(anonymous_17)
FN:126,(anonymous_19)
FNF:7
FNH:7
FNDA:31,(anonymous_8)
FNDA:6,(anonymous_9)
FNDA:4,(anonymous_11)
FNDA:4,(anonymous_13)
FNDA:5,(anonymous_15)
FNDA:7,(anonymous_17)
FNDA:8,(anonymous_19)
DA:1,6
DA:3,6
DA:5,6
DA:13,31
DA:19,6
DA:20,3
DA:26,3
DA:28,2
DA:29,1
DA:32,1
DA:40,4
DA:46,3
DA:50,3
DA:67,4
DA:73,3
DA:77,3
DA:94,5
DA:100,4
DA:104,4
DA:118,7
DA:123,5
DA:130,8
DA:131,2
DA:137,6
DA:138,2
DA:142,4
DA:143,3
DA:144,1
DA:147,2
DA:152,1
DA:156,6
LF:31
LH:31
BRDA:19,0,0,3
BRDA:19,1,0,6
BRDA:19,1,1,4
BRDA:19,1,2,4
BRDA:28,2,0,1
BRDA:46,3,0,2
BRDA:46,3,1,1
BRDA:54,4,0,2
BRDA:54,4,1,1
BRDA:54,5,0,3
BRDA:54,5,1,3
BRDA:54,6,0,1
BRDA:54,6,1,2
BRDA:54,7,0,3
BRDA:54,7,1,3
BRDA:55,8,0,2
BRDA:55,8,1,1
BRDA:55,9,0,3
BRDA:55,9,1,3
BRDA:55,10,0,1
BRDA:55,10,1,2
BRDA:55,11,0,3
BRDA:55,11,1,3
BRDA:73,12,0,1
BRDA:73,12,1,2
BRDA:81,13,0,1
BRDA:81,13,1,2
BRDA:81,14,0,3
BRDA:81,14,1,3
BRDA:81,15,0,2
BRDA:81,15,1,1
BRDA:81,16,0,3
BRDA:81,16,1,3
BRDA:82,17,0,1
BRDA:82,17,1,2
BRDA:82,18,0,3
BRDA:82,18,1,3
BRDA:82,19,0,2
BRDA:82,19,1,1
BRDA:82,20,0,3
BRDA:82,20,1,3
BRDA:100,21,0,1
BRDA:100,21,1,3
BRDA:108,22,0,1
BRDA:108,22,1,3
BRDA:108,23,0,4
BRDA:108,23,1,4
BRDA:108,24,0,3
BRDA:108,24,1,1
BRDA:108,25,0,4
BRDA:108,25,1,4
BRDA:109,26,0,1
BRDA:109,26,1,3
BRDA:109,27,0,4
BRDA:109,27,1,4
BRDA:109,28,0,3
BRDA:109,28,1,1
BRDA:109,29,0,4
BRDA:109,29,1,4
BRDA:130,30,0,2
BRDA:130,31,0,8
BRDA:130,31,1,6
BRDA:130,31,2,6
BRDA:137,32,0,2
BRDA:137,33,0,6
BRDA:137,33,1,4
BRDA:137,33,2,4
BRDA:143,34,0,1
BRF:68
BRH:68
end_of_record
TN:
SF:src\services\sparepart.service.ts
FN:11,(anonymous_9)
FN:15,(anonymous_10)
FN:33,(anonymous_12)
FN:57,(anonymous_14)
FN:65,(anonymous_16)
FN:73,(anonymous_18)
FN:102,(anonymous_20)
FNF:7
FNH:7
FNDA:51,(anonymous_9)
FNDA:12,(anonymous_10)
FNDA:8,(anonymous_12)
FNDA:3,(anonymous_14)
FNDA:2,(anonymous_16)
FNDA:12,(anonymous_18)
FNDA:7,(anonymous_20)
DA:1,10
DA:4,10
DA:12,51
DA:16,12
DA:21,6
DA:24,6
DA:25,6
DA:30,6
DA:38,8
DA:44,7
DA:46,7
DA:58,3
DA:59,1
DA:62,2
DA:66,2
DA:67,1
DA:70,1
DA:77,12
DA:78,2
DA:81,10
DA:82,10
DA:83,2
DA:86,8
DA:87,3
DA:96,4
DA:97,4
DA:99,4
DA:106,7
DA:107,2
DA:110,5
DA:111,5
DA:112,2
DA:115,3
DA:119,10
LF:34
LH:34
BRDA:16,0,0,6
BRDA:17,1,0,12
BRDA:17,1,1,8
BRDA:17,1,2,7
BRDA:44,2,0,5
BRDA:44,2,1,2
BRDA:50,3,0,5
BRDA:50,3,1,2
BRDA:50,4,0,7
BRDA:50,4,1,7
BRDA:50,5,0,2
BRDA:50,5,1,5
BRDA:50,6,0,7
BRDA:50,6,1,7
BRDA:51,7,0,5
BRDA:51,7,1,2
BRDA:51,8,0,7
BRDA:51,8,1,7
BRDA:51,9,0,2
BRDA:51,9,1,5
BRDA:51,10,0,7
BRDA:51,10,1,7
BRDA:58,11,0,1
BRDA:58,12,0,3
BRDA:58,12,1,2
BRDA:58,12,2,2
BRDA:66,13,0,1
BRDA:66,14,0,2
BRDA:66,14,1,1
BRDA:77,15,0,2
BRDA:77,16,0,12
BRDA:77,16,1,10
BRDA:77,16,2,10
BRDA:82,17,0,2
BRDA:86,18,0,3
BRDA:86,19,0,8
BRDA:86,19,1,7
BRDA:106,20,0,2
BRDA:106,21,0,7
BRDA:106,21,1,5
BRDA:106,21,2,5
BRDA:111,22,0,2
BRF:42
BRH:42
end_of_record
TN:
SF:src\services\user.service.ts
FN:12,(anonymous_9)
FN:16,(anonymous_10)
FN:57,(anonymous_12)
FN:81,(anonymous_14)
FN:85,(anonymous_16)
FN:116,(anonymous_18)
FNF:6
FNH:6
FNDA:23,(anonymous_9)
FNDA:5,(anonymous_10)
FNDA:3,(anonymous_12)
FNDA:2,(anonymous_14)
FNDA:6,(anonymous_16)
FNDA:5,(anonymous_18)
DA:5,10
DA:6,10
DA:7,10
DA:13,23
DA:17,5
DA:20,5
DA:21,1
DA:24,4
DA:27,4
DA:28,1
DA:31,3
DA:32,3
DA:35,3
DA:36,1
DA:40,2
DA:42,2
DA:43,2
DA:62,3
DA:68,3
DA:70,3
DA:82,2
DA:90,6
DA:92,6
DA:93,1
DA:96,5
DA:98,5
DA:109,5
DA:110,2
DA:113,4
DA:120,5
DA:124,10
LF:31
LH:31
BRDA:20,0,0,1
BRDA:27,1,0,1
BRDA:31,2,0,3
BRDA:31,3,0,3
BRDA:31,3,1,3
BRDA:35,4,0,1
BRDA:47,5,0,1
BRDA:47,5,1,1
BRDA:68,6,0,1
BRDA:68,6,1,2
BRDA:74,7,0,1
BRDA:74,7,1,2
BRDA:74,8,0,3
BRDA:74,8,1,3
BRDA:74,9,0,2
BRDA:74,9,1,1
BRDA:74,10,0,3
BRDA:74,10,1,3
BRDA:75,11,0,1
BRDA:75,11,1,2
BRDA:75,12,0,3
BRDA:75,12,1,3
BRDA:75,13,0,2
BRDA:75,13,1,1
BRDA:75,14,0,3
BRDA:75,14,1,3
BRDA:92,15,0,1
BRDA:99,16,0,5
BRDA:99,16,1,3
BRDA:100,17,0,5
BRDA:100,17,1,1
BRDA:101,18,0,5
BRDA:101,18,1,3
BRDA:102,19,0,5
BRDA:102,19,1,1
BRDA:103,20,0,5
BRDA:103,20,1,1
BRDA:104,21,0,5
BRDA:104,21,1,1
BRDA:109,22,0,2
BRF:40
BRH:40
end_of_record
TN:
SF:src\utils\appError.ts
FN:4,(anonymous_0)
FNF:1
FNH:1
FNDA:41,(anonymous_0)
DA:5,41
DA:6,41
DA:7,41
DA:11,16
LF:4
LH:4
BRF:0
BRH:0
end_of_record
TN:
SF:src\utils\date.utils.ts
FN:5,getJakartaTime
FN:14,toJakartaDate
FNF:2
FNH:2
FNDA:2,getJakartaTime
FNDA:16,toJakartaDate
DA:5,63
DA:6,2
DA:7,2
DA:14,63
DA:15,16
DA:16,16
DA:19,10
DA:20,8
DA:22,3
DA:25,5
DA:26,5
DA:30,2
DA:32,10
LF:13
LH:13
BRDA:14,0,0,11
BRDA:16,1,0,6
BRDA:19,2,0,8
BRDA:19,2,1,2
BRDA:20,3,0,3
BRDA:20,3,1,5
BRF:6
BRH:6
end_of_record
TN:
SF:src\utils\builders\calibration-history-where.builder.ts
FN:5,(anonymous_1)
FN:15,(anonymous_2)
FN:47,(anonymous_3)
FN:54,(anonymous_4)
FNF:4
FNH:4
FNDA:13,(anonymous_1)
FNDA:19,(anonymous_2)
FNDA:5,(anonymous_3)
FNDA:16,(anonymous_4)
DA:1,8
DA:6,13
DA:7,3
DA:12,13
DA:16,19
DA:17,11
DA:18,5
DA:21,11
DA:22,5
DA:25,11
DA:26,3
DA:29,11
DA:31,11
DA:37,11
DA:44,19
DA:48,5
DA:58,16
DA:60,16
DA:61,4
DA:64,16
DA:66,16
DA:69,8
LF:22
LH:22
BRDA:6,0,0,3
BRDA:16,1,0,11
BRDA:17,2,0,5
BRDA:21,3,0,5
BRDA:21,4,0,11
BRDA:21,4,1,6
BRDA:25,5,0,3
BRDA:60,6,0,4
BRF:8
BRH:8
end_of_record
TN:
SF:src\utils\builders\maintenance-history-where.builder.ts
FN:5,(anonymous_1)
FN:31,(anonymous_2)
FN:35,(anonymous_3)
FNF:3
FNH:3
FNDA:21,(anonymous_1)
FNDA:6,(anonymous_2)
FNDA:18,(anonymous_3)
DA:1,8
DA:6,21
DA:7,19
DA:8,18
DA:11,19
DA:12,4
DA:15,19
DA:21,19
DA:28,21
DA:32,6
DA:39,18
DA:41,18
DA:42,5
DA:45,18
DA:47,18
DA:50,8
LF:16
LH:16
BRDA:6,0,0,19
BRDA:7,1,0,18
BRDA:11,2,0,4
BRDA:11,3,0,19
BRDA:11,3,1,5
BRDA:41,4,0,5
BRF:6
BRH:6
end_of_record
TN:
SF:src\utils\builders\medical-equipment-where.builder.ts
FN:5,(anonymous_1)
FN:31,(anonymous_2)
FN:39,(anonymous_3)
FNF:3
FNH:3
FNDA:12,(anonymous_1)
FNDA:4,(anonymous_2)
FNDA:10,(anonymous_3)
DA:1,26
DA:6,12
DA:7,5
DA:10,12
DA:16,12
DA:22,12
DA:28,12
DA:32,4
DA:43,10
DA:44,10
DA:45,10
DA:46,3
DA:49,10
DA:51,10
DA:54,26
LF:15
LH:15
BRDA:6,0,0,5
BRDA:6,1,0,12
BRDA:6,1,1,6
BRDA:6,2,0,3
BRDA:6,2,1,9
BRDA:6,3,0,12
BRDA:6,3,1,12
BRDA:12,4,0,3
BRDA:12,4,1,9
BRDA:12,5,0,12
BRDA:12,5,1,12
BRDA:13,6,0,3
BRDA:13,6,1,9
BRDA:13,7,0,12
BRDA:13,7,1,12
BRDA:18,8,0,3
BRDA:18,8,1,9
BRDA:18,9,0,12
BRDA:18,9,1,12
BRDA:19,10,0,3
BRDA:19,10,1,9
BRDA:19,11,0,12
BRDA:19,11,1,12
BRDA:24,12,0,3
BRDA:24,12,1,9
BRDA:24,13,0,12
BRDA:24,13,1,12
BRDA:25,14,0,3
BRDA:25,14,1,9
BRDA:25,15,0,12
BRDA:25,15,1,12
BRDA:45,16,0,3
BRF:32
BRH:32
end_of_record
TN:
SF:src\utils\builders\parts-history-where.builder.ts
FN:5,(anonymous_1)
FN:35,(anonymous_2)
FN:39,(anonymous_3)
FNF:3
FNH:3
FNDA:13,(anonymous_1)
FNDA:4,(anonymous_2)
FNDA:10,(anonymous_3)
DA:1,8
DA:6,13
DA:8,7
DA:9,5
DA:12,7
DA:13,3
DA:16,7
DA:17,3
DA:20,7
DA:26,7
DA:32,7
DA:36,4
DA:43,10
DA:44,10
DA:45,3
DA:48,10
DA:50,10
DA:54,8
LF:18
LH:18
BRDA:6,0,0,6
BRDA:8,1,0,5
BRDA:12,2,0,3
BRDA:16,3,0,3
BRDA:16,4,0,7
BRDA:16,4,1,4
BRDA:44,5,0,3
BRF:7
BRH:7
end_of_record
TN:
SF:src\utils\builders\request-where.builder.ts
FN:5,(anonymous_1)
FN:28,(anonymous_2)
FN:35,(anonymous_3)
FN:39,(anonymous_4)
FNF:4
FNH:4
FNDA:29,(anonymous_1)
FNDA:13,(anonymous_2)
FNDA:7,(anonymous_3)
FNDA:20,(anonymous_4)
DA:1,10
DA:6,29
DA:8,16
DA:9,11
DA:12,11
DA:15,16
DA:16,6
DA:19,16
DA:25,16
DA:29,13
DA:30,12
DA:32,13
DA:36,7
DA:44,20
DA:46,20
DA:47,5
DA:50,20
DA:52,20
DA:53,10
DA:56,20
DA:60,10
LF:21
LH:21
BRDA:6,0,0,13
BRDA:8,1,0,11
BRDA:9,2,0,10
BRDA:9,2,1,1
BRDA:15,3,0,6
BRDA:29,4,0,12
BRDA:46,5,0,5
BRDA:52,6,0,10
BRF:8
BRH:8
end_of_record
TN:
SF:src\utils\builders\sparepart-where.builder.ts
FN:5,(anonymous_1)
FN:12,(anonymous_2)
FN:19,(anonymous_3)
FN:23,(anonymous_4)
FN:49,(anonymous_5)
FN:53,(anonymous_6)
FNF:6
FNH:6
FNDA:18,(anonymous_1)
FNDA:18,(anonymous_2)
FNDA:19,(anonymous_3)
FNDA:16,(anonymous_4)
FNDA:4,(anonymous_5)
FNDA:15,(anonymous_6)
DA:1,19
DA:6,18
DA:7,5
DA:9,18
DA:13,18
DA:14,4
DA:16,18
DA:20,19
DA:24,16
DA:25,16
DA:26,16
DA:28,16
DA:34,16
DA:40,16
DA:46,16
DA:50,4
DA:54,15
DA:55,15
DA:56,15
DA:57,3
DA:60,15
DA:62,15
DA:65,19
LF:23
LH:23
BRDA:6,0,0,5
BRDA:13,1,0,4
BRDA:24,2,0,4
BRDA:24,2,1,12
BRDA:24,3,0,16
BRDA:24,3,1,16
BRDA:25,4,0,4
BRDA:25,4,1,12
BRDA:25,5,0,16
BRDA:25,5,1,16
BRDA:26,6,0,4
BRDA:26,6,1,12
BRDA:26,7,0,16
BRDA:26,7,1,16
BRDA:26,8,0,4
BRDA:26,8,1,12
BRDA:26,9,0,16
BRDA:26,9,1,16
BRDA:30,10,0,4
BRDA:30,10,1,12
BRDA:30,11,0,16
BRDA:30,11,1,16
BRDA:31,12,0,4
BRDA:31,12,1,12
BRDA:31,13,0,16
BRDA:31,13,1,16
BRDA:36,14,0,4
BRDA:36,14,1,12
BRDA:36,15,0,16
BRDA:36,15,1,16
BRDA:37,16,0,4
BRDA:37,16,1,12
BRDA:37,17,0,16
BRDA:37,17,1,16
BRDA:42,18,0,4
BRDA:42,18,1,12
BRDA:42,19,0,16
BRDA:42,19,1,16
BRDA:43,20,0,4
BRDA:43,20,1,12
BRDA:43,21,0,16
BRDA:43,21,1,16
BRDA:56,22,0,3
BRF:43
BRH:43
end_of_record
TN:
SF:src\utils\builders\user-where.builder.ts
FN:5,(anonymous_1)
FN:12,(anonymous_2)
FN:19,(anonymous_3)
FN:38,(anonymous_4)
FN:42,(anonymous_5)
FNF:5
FNH:5
FNDA:14,(anonymous_1)
FNDA:14,(anonymous_2)
FNDA:12,(anonymous_3)
FNDA:4,(anonymous_4)
FNDA:11,(anonymous_5)
DA:1,17
DA:6,14
DA:7,6
DA:9,14
DA:13,14
DA:14,5
DA:16,14
DA:20,12
DA:21,12
DA:23,12
DA:29,12
DA:35,12
DA:39,4
DA:43,11
DA:44,11
DA:45,11
DA:46,3
DA:49,11
DA:51,11
DA:54,17
LF:20
LH:20
BRDA:6,0,0,6
BRDA:6,1,0,14
BRDA:6,1,1,7
BRDA:13,2,0,5
BRDA:13,3,0,14
BRDA:13,3,1,6
BRDA:20,4,0,4
BRDA:20,4,1,8
BRDA:20,5,0,12
BRDA:20,5,1,12
BRDA:21,6,0,4
BRDA:21,6,1,8
BRDA:21,7,0,12
BRDA:21,7,1,12
BRDA:25,8,0,4
BRDA:25,8,1,8
BRDA:25,9,0,12
BRDA:25,9,1,12
BRDA:26,10,0,4
BRDA:26,10,1,8
BRDA:26,11,0,12
BRDA:26,11,1,12
BRDA:31,12,0,4
BRDA:31,12,1,8
BRDA:31,13,0,12
BRDA:31,13,1,12
BRDA:32,14,0,4
BRDA:32,14,1,8
BRDA:32,15,0,12
BRDA:32,15,1,12
BRDA:45,16,0,3
BRF:31
BRH:31
end_of_record
TN:
SF:src\utils\builders\where-clause.builder.ts
FN:4,(anonymous_0)
FN:8,(anonymous_1)
FN:13,(anonymous_2)
FN:18,(anonymous_3)
FN:20,(anonymous_4)
FN:27,(anonymous_5)
FN:46,(anonymous_6)
FN:57,(anonymous_7)
FN:64,(anonymous_8)
FN:83,(anonymous_9)
FNF:10
FNH:10
FNDA:345,(anonymous_0)
FNDA:448,(anonymous_1)
FNDA:40,(anonymous_2)
FNDA:40,(anonymous_3)
FNDA:68,(anonymous_4)
FNDA:204,(anonymous_5)
FNDA:49,(anonymous_6)
FNDA:20,(anonymous_7)
FNDA:27,(anonymous_8)
FNDA:178,(anonymous_9)
DA:2,345
DA:5,345
DA:9,448
DA:10,448
DA:14,40
DA:15,40
DA:19,40
DA:20,68
DA:24,40
DA:32,204
DA:33,48
DA:35,48
DA:36,45
DA:39,48
DA:40,42
DA:43,204
DA:47,49
DA:48,48
DA:50,48
DA:51,46
DA:54,49
DA:58,20
DA:59,18
DA:61,20
DA:69,27
DA:70,16
DA:72,16
DA:73,13
DA:76,16
DA:77,12
DA:80,27
DA:84,178
DA:87,83
LF:33
LH:33
BRDA:19,0,0,36
BRDA:19,1,0,40
BRDA:19,1,1,38
BRDA:19,1,2,37
BRDA:32,2,0,48
BRDA:32,3,0,204
BRDA:32,3,1,159
BRDA:35,4,0,45
BRDA:39,5,0,42
BRDA:47,6,0,48
BRDA:48,7,0,45
BRDA:48,7,1,3
BRDA:50,8,0,46
BRDA:58,9,0,18
BRDA:69,10,0,16
BRDA:69,11,0,27
BRDA:69,11,1,14
BRDA:72,12,0,13
BRDA:76,13,0,12
BRF:19
BRH:19
end_of_record
TN:
SF:src\validations\calibration-history.validation.ts
FN:26,(anonymous_0)
FN:36,(anonymous_1)
FN:53,(anonymous_2)
FN:59,(anonymous_3)
FN:67,(anonymous_4)
FN:73,(anonymous_5)
FN:79,(anonymous_6)
FNF:7
FNH:7
FNDA:14,(anonymous_0)
FNDA:3,(anonymous_1)
FNDA:5,(anonymous_2)
FNDA:4,(anonymous_3)
FNDA:4,(anonymous_4)
FNDA:5,(anonymous_5)
FNDA:4,(anonymous_6)
DA:1,2
DA:2,2
DA:4,2
DA:26,14
DA:36,3
DA:39,2
DA:53,5
DA:59,4
DA:67,4
DA:73,5
DA:79,4
LF:11
LH:11
BRDA:53,0,0,4
BRDA:53,0,1,1
BRDA:59,1,0,3
BRDA:59,1,1,1
BRDA:67,2,0,3
BRDA:67,2,1,1
BRDA:73,3,0,4
BRDA:73,3,1,1
BRDA:79,4,0,3
BRDA:79,4,1,1
BRF:10
BRH:10
end_of_record
TN:
SF:src\validations\maintenance-history.validation.ts
FN:22,(anonymous_0)
FN:36,(anonymous_1)
FN:41,(anonymous_2)
FN:46,(anonymous_3)
FN:51,(anonymous_4)
FNF:5
FNH:5
FNDA:8,(anonymous_0)
FNDA:5,(anonymous_1)
FNDA:4,(anonymous_2)
FNDA:5,(anonymous_3)
FNDA:4,(anonymous_4)
DA:1,2
DA:2,2
DA:4,2
DA:22,8
DA:25,2
DA:36,5
DA:41,4
DA:46,5
DA:51,4
LF:9
LH:9
BRDA:36,0,0,4
BRDA:36,0,1,1
BRDA:41,1,0,3
BRDA:41,1,1,1
BRDA:46,2,0,4
BRDA:46,2,1,1
BRDA:51,3,0,3
BRDA:51,3,1,1
BRF:8
BRH:8
end_of_record
TN:
SF:src\validations\medical-equipment.validation.ts
FN:22,(anonymous_0)
FN:34,(anonymous_1)
FN:76,(anonymous_2)
FN:87,(anonymous_3)
FN:107,(anonymous_4)
FN:113,(anonymous_5)
FN:114,(anonymous_6)
FN:124,(anonymous_7)
FN:130,(anonymous_8)
FN:136,(anonymous_9)
FN:142,(anonymous_10)
FN:148,(anonymous_11)
FN:154,(anonymous_12)
FNF:13
FNH:13
FNDA:4,(anonymous_0)
FNDA:2,(anonymous_1)
FNDA:3,(anonymous_2)
FNDA:2,(anonymous_3)
FNDA:9,(anonymous_4)
FNDA:8,(anonymous_5)
FNDA:12,(anonymous_6)
FNDA:4,(anonymous_7)
FNDA:3,(anonymous_8)
FNDA:3,(anonymous_9)
FNDA:4,(anonymous_10)
FNDA:3,(anonymous_11)
FNDA:3,(anonymous_12)
DA:1,2
DA:2,2
DA:4,2
DA:23,4
DA:24,1
DA:26,3
DA:35,2
DA:36,1
DA:38,1
DA:52,2
DA:77,3
DA:78,1
DA:80,2
DA:88,2
DA:89,1
DA:91,1
DA:104,2
DA:108,9
DA:109,3
DA:114,8
DA:115,12
DA:124,4
DA:130,3
DA:136,3
DA:142,4
DA:148,3
DA:154,3
DA:158,2
DA:159,2
DA:160,2
LF:30
LH:30
BRDA:23,0,0,1
BRDA:23,1,0,4
BRDA:23,1,1,3
BRDA:35,2,0,1
BRDA:77,3,0,1
BRDA:77,4,0,3
BRDA:77,4,1,3
BRDA:88,5,0,1
BRDA:108,6,0,6
BRDA:109,7,0,2
BRDA:109,7,1,1
BRF:11
BRH:11
end_of_record
TN:
SF:src\validations\parts-history.validation.ts
FN:23,(anonymous_0)
FN:37,(anonymous_1)
FN:42,(anonymous_2)
FN:47,(anonymous_3)
FN:52,(anonymous_4)
FNF:5
FNH:5
FNDA:8,(anonymous_0)
FNDA:5,(anonymous_1)
FNDA:4,(anonymous_2)
FNDA:5,(anonymous_3)
FNDA:4,(anonymous_4)
DA:1,2
DA:2,2
DA:4,2
DA:23,8
DA:26,2
DA:37,5
DA:42,4
DA:47,5
DA:52,4
LF:9
LH:9
BRDA:37,0,0,4
BRDA:37,0,1,1
BRDA:42,1,0,3
BRDA:42,1,1,1
BRDA:47,2,0,4
BRDA:47,2,1,1
BRDA:52,3,0,3
BRDA:52,3,1,1
BRF:8
BRH:8
end_of_record
TN:
SF:src\validations\request.validation.ts
FNF:0
FNH:0
DA:1,1
DA:3,1
LF:2
LH:2
BRF:0
BRH:0
end_of_record
TN:
SF:src\validations\spareparts.validation.ts
FN:15,(anonymous_0)
FN:27,(anonymous_1)
FN:59,(anonymous_2)
FN:71,(anonymous_3)
FNF:4
FNH:4
FNDA:3,(anonymous_0)
FNDA:3,(anonymous_1)
FNDA:3,(anonymous_2)
FNDA:3,(anonymous_3)
DA:1,2
DA:3,2
DA:16,3
DA:17,1
DA:19,2
DA:28,3
DA:29,1
DA:31,2
DA:46,2
DA:60,3
DA:61,1
DA:63,2
DA:72,3
DA:73,1
DA:75,2
DA:90,2
DA:135,2
DA:136,2
DA:137,2
LF:19
LH:19
BRDA:16,0,0,1
BRDA:16,1,0,3
BRDA:16,1,1,2
BRDA:28,2,0,1
BRDA:60,3,0,1
BRDA:60,4,0,3
BRDA:60,4,1,2
BRDA:72,5,0,1
BRF:8
BRH:8
end_of_record
TN:
SF:src\validations\user.validation.ts
FN:83,(anonymous_0)
FN:89,(anonymous_1)
FN:90,(anonymous_2)
FN:96,(anonymous_3)
FN:102,(anonymous_4)
FN:102,(anonymous_5)
FN:109,(anonymous_6)
FN:115,(anonymous_7)
FN:121,(anonymous_8)
FN:127,(anonymous_9)
FNF:10
FNH:10
FNDA:4,(anonymous_0)
FNDA:3,(anonymous_1)
FNDA:4,(anonymous_2)
FNDA:4,(anonymous_3)
FNDA:4,(anonymous_4)
FNDA:5,(anonymous_5)
FNDA:2,(anonymous_6)
FNDA:2,(anonymous_7)
FNDA:2,(anonymous_8)
FNDA:2,(anonymous_9)
DA:1,3
DA:2,3
DA:4,3
DA:44,3
DA:80,3
DA:84,4
DA:85,2
DA:90,4
DA:97,4
DA:98,2
DA:102,5
DA:109,2
DA:115,2
DA:121,2
DA:127,2
DA:130,3
LF:16
LH:16
BRDA:84,0,0,2
BRDA:85,1,0,1
BRDA:85,1,1,1
BRDA:97,2,0,2
BRDA:98,3,0,1
BRDA:98,3,1,1
BRF:6
BRH:6
end_of_record
